==1240== Memcheck, a memory error detector
==1240== Copyright (C) 2002-2017, and GNU GPL'd, by Julian Seward et al.
==1240== Using Valgrind-3.13.0 and LibVEX; rerun with -h for copyright info
==1240== Command: /rhome/m/mucanbarli1/workspace/OR/Z4/Z4/.runme
==1240== Parent PID: 1224
==1240== 
==1240== Syscall param write(buf) points to uninitialised byte(s)
==1240==    at 0x514E154: write (write.c:27)
==1240==    by 0x50C91BC: _IO_file_write@@GLIBC_2.2.5 (fileops.c:1203)
==1240==    by 0x50C9B2E: new_do_write (fileops.c:457)
==1240==    by 0x50C9B2E: _IO_file_xsputn@@GLIBC_2.2.5 (fileops.c:1277)
==1240==    by 0x509C706: buffered_vfprintf (vfprintf.c:2350)
==1240==    by 0x5099725: vfprintf (vfprintf.c:1301)
==1240==    by 0x50A2F25: printf (printf.c:33)
==1240==    by 0x108A06: main (main.c:56)
==1240==  Address 0x1ffeffba90 is on thread 1's stack
==1240==  in frame #3, created by buffered_vfprintf (vfprintf.c:2296)
==1240== 
==1240== 
==1240== HEAP SUMMARY:
==1240==     in use at exit: 0 bytes in 0 blocks
==1240==   total heap usage: 1 allocs, 1 frees, 1,024 bytes allocated
==1240== 
==1240== All heap blocks were freed -- no leaks are possible
==1240== 
==1240== For counts of detected and suppressed errors, rerun with: -v
==1240== Use --track-origins=yes to see where uninitialised values come from
==1240== ERROR SUMMARY: 1 errors from 1 contexts (suppressed: 0 from 0)
