==3959== Memcheck, a memory error detector
==3959== Copyright (C) 2002-2017, and GNU GPL'd, by Julian Seward et al.
==3959== Using Valgrind-3.13.0 and LibVEX; rerun with -h for copyright info
==3959== Command: /rhome/m/mucanbarli1/workspace/OR/T8/Z4/.runme
==3959== Parent PID: 3949
==3959== 
==3959== 
==3959== Process terminating with default action of signal 1 (SIGHUP)
==3959==    at 0x514E081: read (read.c:27)
==3959==    by 0x50CB147: _IO_file_underflow@@GLIBC_2.2.5 (fileops.c:531)
==3959==    by 0x50CC3F1: _IO_default_uflow (genops.c:380)
==3959==    by 0x50A9BE9: _IO_vfscanf (vfscanf.c:630)
==3959==    by 0x50B9FD7: __isoc99_scanf (isoc99_scanf.c:37)
==3959==    by 0x108878: main (main.c:29)
==3959== 
==3959== HEAP SUMMARY:
==3959==     in use at exit: 0 bytes in 0 blocks
==3959==   total heap usage: 1 allocs, 1 frees, 1,024 bytes allocated
==3959== 
==3959== All heap blocks were freed -- no leaks are possible
==3959== 
==3959== For counts of detected and suppressed errors, rerun with: -v
==3959== ERROR SUMMARY: 0 errors from 0 contexts (suppressed: 0 from 0)
