==31156== Memcheck, a memory error detector
==31156== Copyright (C) 2002-2017, and GNU GPL'd, by Julian Seward et al.
==31156== Using Valgrind-3.13.0 and LibVEX; rerun with -h for copyright info
==31156== Command: /rhome/m/mucanbarli1/workspace/OR/T11/Z1/.runme
==31156== Parent PID: 31144
==31156== 
==31156== Conditional jump or move depends on uninitialised value(s)
==31156==    at 0x504CEB8: sqrt (w_sqrt_compat.c:30)
==31156==    by 0x108995: udaljenost (main.c:31)
==31156==    by 0x108A1C: main (main.c:46)
==31156== 
==31156== Conditional jump or move depends on uninitialised value(s)
==31156==    at 0x108A30: main (main.c:47)
==31156== 
==31156== Conditional jump or move depends on uninitialised value(s)
==31156==    at 0x108A4F: main (main.c:49)
==31156== 
==31156== Conditional jump or move depends on uninitialised value(s)
==31156==    at 0x108A56: main (main.c:49)
==31156== 
==31156== 
==31156== HEAP SUMMARY:
==31156==     in use at exit: 0 bytes in 0 blocks
==31156==   total heap usage: 1 allocs, 1 frees, 1,024 bytes allocated
==31156== 
==31156== All heap blocks were freed -- no leaks are possible
==31156== 
==31156== For counts of detected and suppressed errors, rerun with: -v
==31156== Use --track-origins=yes to see where uninitialised values come from
==31156== ERROR SUMMARY: 4 errors from 4 contexts (suppressed: 0 from 0)
