==30448== Memcheck, a memory error detector
==30448== Copyright (C) 2002-2017, and GNU GPL'd, by Julian Seward et al.
==30448== Using Valgrind-3.13.0 and LibVEX; rerun with -h for copyright info
==30448== Command: /rhome/m/mucanbarli1/workspace/TP/T1/Z4/.runme
==30448== Parent PID: 30441
==30448== 
==30448== 
==30448== Process terminating with default action of signal 1 (SIGHUP)
==30448==    at 0x54D7152: write (write.c:27)
==30448==    by 0x54521BC: _IO_file_write@@GLIBC_2.2.5 (fileops.c:1203)
==30448==    by 0x5452B2E: new_do_write (fileops.c:457)
==30448==    by 0x5452B2E: _IO_file_xsputn@@GLIBC_2.2.5 (fileops.c:1277)
==30448==    by 0x5446976: fwrite (iofwrite.c:39)
==30448==    by 0x5151E93: std::basic_ostream<char, std::char_traits<char> >& std::__ostream_insert<char, std::char_traits<char> >(std::basic_ostream<char, std::char_traits<char> >&, char const*, long) (in /usr/lib/x86_64-linux-gnu/libstdc++.so.6.0.25)
==30448==    by 0x5152206: std::basic_ostream<char, std::char_traits<char> >& std::operator<< <std::char_traits<char> >(std::basic_ostream<char, std::char_traits<char> >&, char const*) (in /usr/lib/x86_64-linux-gnu/libstdc++.so.6.0.25)
==30448==    by 0x108C7D: main (main.cpp:26)
==30448== 
==30448== HEAP SUMMARY:
==30448==     in use at exit: 0 bytes in 0 blocks
==30448==   total heap usage: 12 allocs, 12 frees, 74,298 bytes allocated
==30448== 
==30448== All heap blocks were freed -- no leaks are possible
==30448== 
==30448== For counts of detected and suppressed errors, rerun with: -v
==30448== ERROR SUMMARY: 0 errors from 0 contexts (suppressed: 0 from 0)
