==26846== Memcheck, a memory error detector
==26846== Copyright (C) 2002-2017, and GNU GPL'd, by Julian Seward et al.
==26846== Using Valgrind-3.13.0 and LibVEX; rerun with -h for copyright info
==26846== Command: /rhome/m/mucanbarli1/workspace/OR/T11/Z6/.runme
==26846== Parent PID: 26834
==26846== 
==26846== 
==26846== Process terminating with default action of signal 1 (SIGHUP)
==26846==    at 0x514E152: write (write.c:27)
==26846==    by 0x50C91BC: _IO_file_write@@GLIBC_2.2.5 (fileops.c:1203)
==26846==    by 0x50C9B2E: new_do_write (fileops.c:457)
==26846==    by 0x50C9B2E: _IO_file_xsputn@@GLIBC_2.2.5 (fileops.c:1277)
==26846==    by 0x509C706: buffered_vfprintf (vfprintf.c:2350)
==26846==    by 0x5099725: vfprintf (vfprintf.c:1301)
==26846==    by 0x50A2F25: printf (printf.c:33)
==26846==    by 0x108A1A: main (main.c:61)
==26846== 
==26846== HEAP SUMMARY:
==26846==     in use at exit: 0 bytes in 0 blocks
==26846==   total heap usage: 1 allocs, 1 frees, 1,024 bytes allocated
==26846== 
==26846== All heap blocks were freed -- no leaks are possible
==26846== 
==26846== For counts of detected and suppressed errors, rerun with: -v
==26846== ERROR SUMMARY: 0 errors from 0 contexts (suppressed: 0 from 0)
