==15952== Memcheck, a memory error detector
==15952== Copyright (C) 2002-2017, and GNU GPL'd, by Julian Seward et al.
==15952== Using Valgrind-3.13.0 and LibVEX; rerun with -h for copyright info
==15952== Command: /rhome/m/mucanbarli1/workspace/TP/T3/Z8/.runme
==15952== Parent PID: 15930
==15952== 
==15952== 
==15952== Process terminating with default action of signal 15 (SIGTERM)
==15952==    at 0x56EF081: read (read.c:27)
==15952==    by 0x566C147: _IO_file_underflow@@GLIBC_2.2.5 (fileops.c:531)
==15952==    by 0x566D3F1: _IO_default_uflow (genops.c:380)
==15952==    by 0x512B95C: __gnu_cxx::stdio_sync_filebuf<char, std::char_traits<char> >::underflow() (in /usr/lib/x86_64-linux-gnu/libstdc++.so.6.0.25)
==15952==    by 0x5139739: std::istream::sentry::sentry(std::istream&, bool) (in /usr/lib/x86_64-linux-gnu/libstdc++.so.6.0.25)
==15952==    by 0x513996D: std::istream::operator>>(int&) (in /usr/lib/x86_64-linux-gnu/libstdc++.so.6.0.25)
==15952==    by 0x109609: main (main.cpp:44)
==15952== 
==15952== HEAP SUMMARY:
==15952==     in use at exit: 0 bytes in 0 blocks
==15952==   total heap usage: 2 allocs, 2 frees, 73,728 bytes allocated
==15952== 
==15952== All heap blocks were freed -- no leaks are possible
==15952== 
==15952== For counts of detected and suppressed errors, rerun with: -v
==15952== ERROR SUMMARY: 0 errors from 0 contexts (suppressed: 0 from 0)
