==9933== Memcheck, a memory error detector
==9933== Copyright (C) 2002-2017, and GNU GPL'd, by Julian Seward et al.
==9933== Using Valgrind-3.13.0 and LibVEX; rerun with -h for copyright info
==9933== Command: /rhome/m/mucanbarli1/workspace/OR/T4/Z6/.runme
==9933== Parent PID: 9916
==9933== 
==9933== 
==9933== Process terminating with default action of signal 15 (SIGTERM)
==9933==    at 0x514E081: read (read.c:27)
==9933==    by 0x50CB147: _IO_file_underflow@@GLIBC_2.2.5 (fileops.c:531)
==9933==    by 0x50CC3F1: _IO_default_uflow (genops.c:380)
==9933==    by 0x50A9BE9: _IO_vfscanf (vfscanf.c:630)
==9933==    by 0x50B9FD7: __isoc99_scanf (isoc99_scanf.c:37)
==9933==    by 0x1088BF: main (main.c:14)
==9933== 
==9933== HEAP SUMMARY:
==9933==     in use at exit: 0 bytes in 0 blocks
==9933==   total heap usage: 1 allocs, 1 frees, 1,024 bytes allocated
==9933== 
==9933== All heap blocks were freed -- no leaks are possible
==9933== 
==9933== For counts of detected and suppressed errors, rerun with: -v
==9933== ERROR SUMMARY: 0 errors from 0 contexts (suppressed: 0 from 0)
