==16417== Memcheck, a memory error detector
==16417== Copyright (C) 2002-2017, and GNU GPL'd, by Julian Seward et al.
==16417== Using Valgrind-3.13.0 and LibVEX; rerun with -h for copyright info
==16417== Command: /rhome/m/mucanbarli1/workspace/OR/Z2/Z2/.runme
==16417== Parent PID: 16393
==16417== 
==16417== Conditional jump or move depends on uninitialised value(s)
==16417==    at 0x509A8DA: vfprintf (vfprintf.c:1642)
==16417==    by 0x509C67F: buffered_vfprintf (vfprintf.c:2329)
==16417==    by 0x5099725: vfprintf (vfprintf.c:1301)
==16417==    by 0x50A2F25: printf (printf.c:33)
==16417==    by 0x1089D0: main (main.c:44)
==16417== 
==16417== Use of uninitialised value of size 8
==16417==    at 0x509686B: _itoa_word (_itoa.c:179)
==16417==    by 0x5099F0D: vfprintf (vfprintf.c:1642)
==16417==    by 0x509C67F: buffered_vfprintf (vfprintf.c:2329)
==16417==    by 0x5099725: vfprintf (vfprintf.c:1301)
==16417==    by 0x50A2F25: printf (printf.c:33)
==16417==    by 0x1089D0: main (main.c:44)
==16417== 
==16417== Conditional jump or move depends on uninitialised value(s)
==16417==    at 0x5096875: _itoa_word (_itoa.c:179)
==16417==    by 0x5099F0D: vfprintf (vfprintf.c:1642)
==16417==    by 0x509C67F: buffered_vfprintf (vfprintf.c:2329)
==16417==    by 0x5099725: vfprintf (vfprintf.c:1301)
==16417==    by 0x50A2F25: printf (printf.c:33)
==16417==    by 0x1089D0: main (main.c:44)
==16417== 
==16417== Conditional jump or move depends on uninitialised value(s)
==16417==    at 0x509A014: vfprintf (vfprintf.c:1642)
==16417==    by 0x509C67F: buffered_vfprintf (vfprintf.c:2329)
==16417==    by 0x5099725: vfprintf (vfprintf.c:1301)
==16417==    by 0x50A2F25: printf (printf.c:33)
==16417==    by 0x1089D0: main (main.c:44)
==16417== 
==16417== Conditional jump or move depends on uninitialised value(s)
==16417==    at 0x509AB4C: vfprintf (vfprintf.c:1642)
==16417==    by 0x509C67F: buffered_vfprintf (vfprintf.c:2329)
==16417==    by 0x5099725: vfprintf (vfprintf.c:1301)
==16417==    by 0x50A2F25: printf (printf.c:33)
==16417==    by 0x1089D0: main (main.c:44)
==16417== 
==16417== 
==16417== HEAP SUMMARY:
==16417==     in use at exit: 0 bytes in 0 blocks
==16417==   total heap usage: 1 allocs, 1 frees, 1,024 bytes allocated
==16417== 
==16417== All heap blocks were freed -- no leaks are possible
==16417== 
==16417== For counts of detected and suppressed errors, rerun with: -v
==16417== Use --track-origins=yes to see where uninitialised values come from
==16417== ERROR SUMMARY: 5 errors from 5 contexts (suppressed: 0 from 0)
