==26570== Memcheck, a memory error detector
==26570== Copyright (C) 2002-2017, and GNU GPL'd, by Julian Seward et al.
==26570== Using Valgrind-3.13.0 and LibVEX; rerun with -h for copyright info
==26570== Command: /rhome/m/mucanbarli1/workspace/TP/Z3/Z2/.runme
==26570== Parent PID: 26523
==26570== 
==26570== 
==26570== Process terminating with default action of signal 1 (SIGHUP)
==26570==    at 0x56EF152: write (write.c:27)
==26570==    by 0x566A1BC: _IO_file_write@@GLIBC_2.2.5 (fileops.c:1203)
==26570==    by 0x566AB2E: new_do_write (fileops.c:457)
==26570==    by 0x566AB2E: _IO_file_xsputn@@GLIBC_2.2.5 (fileops.c:1277)
==26570==    by 0x565E976: fwrite (iofwrite.c:39)
==26570==    by 0x5151E93: std::basic_ostream<char, std::char_traits<char> >& std::__ostream_insert<char, std::char_traits<char> >(std::basic_ostream<char, std::char_traits<char> >&, char const*, long) (in /usr/lib/x86_64-linux-gnu/libstdc++.so.6.0.25)
==26570==    by 0x5152206: std::basic_ostream<char, std::char_traits<char> >& std::operator<< <std::char_traits<char> >(std::basic_ostream<char, std::char_traits<char> >&, char const*) (in /usr/lib/x86_64-linux-gnu/libstdc++.so.6.0.25)
==26570==    by 0x109989: IspisiIndeksPojmova(std::map<std::__cxx11::basic_string<char, std::char_traits<char>, std::allocator<char> >, std::set<int, std::less<int>, std::allocator<int> >, std::less<std::__cxx11::basic_string<char, std::char_traits<char>, std::allocator<char> > >, std::allocator<std::pair<std::__cxx11::basic_string<char, std::char_traits<char>, std::allocator<char> > const, std::set<int, std::less<int>, std::allocator<int> > > > > const&) (main.cpp:22)
==26570==    by 0x109F76: main (main.cpp:68)
==26570== 
==26570== HEAP SUMMARY:
==26570==     in use at exit: 0 bytes in 0 blocks
==26570==   total heap usage: 2 allocs, 2 frees, 73,728 bytes allocated
==26570== 
==26570== All heap blocks were freed -- no leaks are possible
==26570== 
==26570== For counts of detected and suppressed errors, rerun with: -v
==26570== ERROR SUMMARY: 0 errors from 0 contexts (suppressed: 0 from 0)
