==29033== Memcheck, a memory error detector
==29033== Copyright (C) 2002-2017, and GNU GPL'd, by Julian Seward et al.
==29033== Using Valgrind-3.13.0 and LibVEX; rerun with -h for copyright info
==29033== Command: /rhome/m/mucanbarli1/workspace/ASP/Z5/Z1/.runme
==29033== Parent PID: 29026
==29033== 
==29033== 
==29033== Process terminating with default action of signal 6 (SIGABRT): dumping core
==29033==    at 0x561DE97: raise (raise.c:51)
==29033==    by 0x561F800: abort (abort.c:79)
==29033==    by 0x50CA956: ??? (in /usr/lib/x86_64-linux-gnu/libstdc++.so.6.0.25)
==29033==    by 0x50D0AB5: ??? (in /usr/lib/x86_64-linux-gnu/libstdc++.so.6.0.25)
==29033==    by 0x50D0AF0: std::terminate() (in /usr/lib/x86_64-linux-gnu/libstdc++.so.6.0.25)
==29033==    by 0x50D0D23: __cxa_throw (in /usr/lib/x86_64-linux-gnu/libstdc++.so.6.0.25)
==29033==    by 0x10D5AE: ListaGraf<bool>::postojiLiGrana(int, int) const (main.cpp:372)
==29033==    by 0x10CDCC: ListaGraf<bool>::dajTezinuGrane(int, int) (main.cpp:425)
==29033==    by 0x10A188: Grana<bool>::dajTezinu() const (main.cpp:259)
==29033==    by 0x1094B3: main (main.cpp:505)
==29033== 
==29033== HEAP SUMMARY:
==29033==     in use at exit: 488 bytes in 8 blocks
==29033==   total heap usage: 10 allocs, 2 frees, 73,208 bytes allocated
==29033== 
==29033== 136 bytes in 1 blocks are possibly lost in loss record 7 of 8
==29033==    at 0x4C2FB0F: malloc (in /usr/lib/valgrind/vgpreload_memcheck-amd64-linux.so)
==29033==    by 0x50CF8EF: __cxa_allocate_exception (in /usr/lib/x86_64-linux-gnu/libstdc++.so.6.0.25)
==29033==    by 0x10D590: ListaGraf<bool>::postojiLiGrana(int, int) const (main.cpp:372)
==29033==    by 0x10CDCC: ListaGraf<bool>::dajTezinuGrane(int, int) (main.cpp:425)
==29033==    by 0x10A188: Grana<bool>::dajTezinu() const (main.cpp:259)
==29033==    by 0x1094B3: main (main.cpp:505)
==29033== 
==29033== LEAK SUMMARY:
==29033==    definitely lost: 0 bytes in 0 blocks
==29033==    indirectly lost: 0 bytes in 0 blocks
==29033==      possibly lost: 136 bytes in 1 blocks
==29033==    still reachable: 352 bytes in 7 blocks
==29033==         suppressed: 0 bytes in 0 blocks
==29033== Reachable blocks (those to which a pointer was found) are not shown.
==29033== To see them, rerun with: --leak-check=full --show-leak-kinds=all
==29033== 
==29033== For counts of detected and suppressed errors, rerun with: -v
==29033== ERROR SUMMARY: 1 errors from 1 contexts (suppressed: 0 from 0)
