==28676== Memcheck, a memory error detector
==28676== Copyright (C) 2002-2017, and GNU GPL'd, by Julian Seward et al.
==28676== Using Valgrind-3.13.0 and LibVEX; rerun with -h for copyright info
==28676== Command: /rhome/m/mucanbarli1/workspace/TP/Z1/Z2/.runme
==28676== Parent PID: 28619
==28676== 
==28676== 
==28676== Process terminating with default action of signal 6 (SIGABRT): dumping core
==28676==    at 0x561DE97: raise (raise.c:51)
==28676==    by 0x561F800: abort (abort.c:79)
==28676==    by 0x50CA8B6: ??? (in /usr/lib/x86_64-linux-gnu/libstdc++.so.6.0.25)
==28676==    by 0x50D0A05: ??? (in /usr/lib/x86_64-linux-gnu/libstdc++.so.6.0.25)
==28676==    by 0x50D0A40: std::terminate() (in /usr/lib/x86_64-linux-gnu/libstdc++.so.6.0.25)
==28676==    by 0x50D0C73: __cxa_throw (in /usr/lib/x86_64-linux-gnu/libstdc++.so.6.0.25)
==28676==    by 0x50CC7B4: ??? (in /usr/lib/x86_64-linux-gnu/libstdc++.so.6.0.25)
==28676==    by 0x10D275: std::vector<int, std::allocator<int> >::_M_range_check(unsigned long) const (stl_vector.h:825)
==28676==    by 0x10CD7A: std::vector<int, std::allocator<int> >::at(unsigned long) (stl_vector.h:846)
==28676==    by 0x10B122: JeLiVrh(std::vector<std::vector<int, std::allocator<int> >, std::allocator<std::vector<int, std::allocator<int> > > >, int, int) (main.cpp:198)
==28676==    by 0x10C4C3: VrhMatrice(std::vector<std::vector<int, std::allocator<int> >, std::allocator<std::vector<int, std::allocator<int> > > >, int, int) (main.cpp:239)
==28676==    by 0x10C858: main (main.cpp:270)
==28676== 
==28676== HEAP SUMMARY:
==28676==     in use at exit: 598 bytes in 5 blocks
==28676==   total heap usage: 9 allocs, 4 frees, 74,401 bytes allocated
==28676== 
==28676== 144 bytes in 1 blocks are possibly lost in loss record 5 of 5
==28676==    at 0x4C2FB0F: malloc (in /usr/lib/valgrind/vgpreload_memcheck-amd64-linux.so)
==28676==    by 0x50CF83F: __cxa_allocate_exception (in /usr/lib/x86_64-linux-gnu/libstdc++.so.6.0.25)
==28676==    by 0x50F917A: std::__throw_out_of_range_fmt(char const*, ...) (in /usr/lib/x86_64-linux-gnu/libstdc++.so.6.0.25)
==28676==    by 0x10D275: std::vector<int, std::allocator<int> >::_M_range_check(unsigned long) const (stl_vector.h:825)
==28676==    by 0x10CD7A: std::vector<int, std::allocator<int> >::at(unsigned long) (stl_vector.h:846)
==28676==    by 0x10B122: JeLiVrh(std::vector<std::vector<int, std::allocator<int> >, std::allocator<std::vector<int, std::allocator<int> > > >, int, int) (main.cpp:198)
==28676==    by 0x10C4C3: VrhMatrice(std::vector<std::vector<int, std::allocator<int> >, std::allocator<std::vector<int, std::allocator<int> > > >, int, int) (main.cpp:239)
==28676==    by 0x10C858: main (main.cpp:270)
==28676== 
==28676== LEAK SUMMARY:
==28676==    definitely lost: 0 bytes in 0 blocks
==28676==    indirectly lost: 0 bytes in 0 blocks
==28676==      possibly lost: 144 bytes in 1 blocks
==28676==    still reachable: 454 bytes in 4 blocks
==28676==                       of which reachable via heuristic:
==28676==                         stdstring          : 94 bytes in 1 blocks
==28676==         suppressed: 0 bytes in 0 blocks
==28676== Reachable blocks (those to which a pointer was found) are not shown.
==28676== To see them, rerun with: --leak-check=full --show-leak-kinds=all
==28676== 
==28676== For counts of detected and suppressed errors, rerun with: -v
==28676== ERROR SUMMARY: 1 errors from 1 contexts (suppressed: 0 from 0)
