==14902== Memcheck, a memory error detector
==14902== Copyright (C) 2002-2017, and GNU GPL'd, by Julian Seward et al.
==14902== Using Valgrind-3.13.0 and LibVEX; rerun with -h for copyright info
==14902== Command: /rhome/m/mucanbarli1/workspace/OR/T11/Z3/.runme
==14902== Parent PID: 14887
==14902== 
==14902== 
==14902== Process terminating with default action of signal 1 (SIGHUP)
==14902==    at 0x54EC152: write (write.c:27)
==14902==    by 0x54671BC: _IO_file_write@@GLIBC_2.2.5 (fileops.c:1203)
==14902==    by 0x5467B2E: new_do_write (fileops.c:457)
==14902==    by 0x5467B2E: _IO_file_xsputn@@GLIBC_2.2.5 (fileops.c:1277)
==14902==    by 0x545CA8E: puts (ioputs.c:40)
==14902==    by 0x10889F: unos_kruznice (main.c:33)
==14902==    by 0x108AFE: main (main.c:78)
==14902== 
==14902== HEAP SUMMARY:
==14902==     in use at exit: 0 bytes in 0 blocks
==14902==   total heap usage: 1 allocs, 1 frees, 1,024 bytes allocated
==14902== 
==14902== All heap blocks were freed -- no leaks are possible
==14902== 
==14902== For counts of detected and suppressed errors, rerun with: -v
==14902== ERROR SUMMARY: 0 errors from 0 contexts (suppressed: 0 from 0)
