==5522== Memcheck, a memory error detector
==5522== Copyright (C) 2002-2017, and GNU GPL'd, by Julian Seward et al.
==5522== Using Valgrind-3.13.0 and LibVEX; rerun with -h for copyright info
==5522== Command: /rhome/m/mucanbarli1/workspace/OR/T9/Z3/.runme
==5522== Parent PID: 5518
==5522== 
==5522== 
==5522== Process terminating with default action of signal 1 (SIGHUP)
==5522==    at 0x514E081: read (read.c:27)
==5522==    by 0x50CB147: _IO_file_underflow@@GLIBC_2.2.5 (fileops.c:531)
==5522==    by 0x50CC3F1: _IO_default_uflow (genops.c:380)
==5522==    by 0x10870D: unesi (main.c:3)
==5522==    by 0x10883C: main (main.c:37)
==5522== 
==5522== HEAP SUMMARY:
==5522==     in use at exit: 0 bytes in 0 blocks
==5522==   total heap usage: 1 allocs, 1 frees, 1,024 bytes allocated
==5522== 
==5522== All heap blocks were freed -- no leaks are possible
==5522== 
==5522== For counts of detected and suppressed errors, rerun with: -v
==5522== ERROR SUMMARY: 0 errors from 0 contexts (suppressed: 0 from 0)
