==21756== Memcheck, a memory error detector
==21756== Copyright (C) 2002-2017, and GNU GPL'd, by Julian Seward et al.
==21756== Using Valgrind-3.13.0 and LibVEX; rerun with -h for copyright info
==21756== Command: /rhome/m/mucanbarli1/workspace/OR/T3/Z6/.runme
==21756== Parent PID: 21741
==21756== 
==21756== 
==21756== Process terminating with default action of signal 1 (SIGHUP)
==21756==    at 0x514E081: read (read.c:27)
==21756==    by 0x50CB147: _IO_file_underflow@@GLIBC_2.2.5 (fileops.c:531)
==21756==    by 0x50CC3F1: _IO_default_uflow (genops.c:380)
==21756==    by 0x50A9BE9: _IO_vfscanf (vfscanf.c:630)
==21756==    by 0x50B9FD7: __isoc99_scanf (isoc99_scanf.c:37)
==21756==    by 0x108759: main (main.c:6)
==21756== 
==21756== HEAP SUMMARY:
==21756==     in use at exit: 0 bytes in 0 blocks
==21756==   total heap usage: 1 allocs, 1 frees, 1,024 bytes allocated
==21756== 
==21756== All heap blocks were freed -- no leaks are possible
==21756== 
==21756== For counts of detected and suppressed errors, rerun with: -v
==21756== ERROR SUMMARY: 0 errors from 0 contexts (suppressed: 0 from 0)
