==19790== Memcheck, a memory error detector
==19790== Copyright (C) 2002-2017, and GNU GPL'd, by Julian Seward et al.
==19790== Using Valgrind-3.13.0 and LibVEX; rerun with -h for copyright info
==19790== Command: /rhome/m/mucanbarli1/workspace/TP/ZSR3/Z1/.runme
==19790== Parent PID: 19769
==19790== 
==19790== Conditional jump or move depends on uninitialised value(s)
==19790==    at 0x514603A: std::ostreambuf_iterator<char, std::char_traits<char> > std::num_put<char, std::ostreambuf_iterator<char, std::char_traits<char> > >::_M_insert_int<long>(std::ostreambuf_iterator<char, std::char_traits<char> >, std::ios_base&, char, long) const (in /usr/lib/x86_64-linux-gnu/libstdc++.so.6.0.25)
==19790==    by 0x5152384: std::ostream& std::ostream::_M_insert<long>(long) (in /usr/lib/x86_64-linux-gnu/libstdc++.so.6.0.25)
==19790==    by 0x10899C: f(int&) (main.cpp:11)
==19790==    by 0x108BD8: main (main.cpp:20)
==19790== 
==19790== Use of uninitialised value of size 8
==19790==    at 0x5145B3E: ??? (in /usr/lib/x86_64-linux-gnu/libstdc++.so.6.0.25)
==19790==    by 0x5146063: std::ostreambuf_iterator<char, std::char_traits<char> > std::num_put<char, std::ostreambuf_iterator<char, std::char_traits<char> > >::_M_insert_int<long>(std::ostreambuf_iterator<char, std::char_traits<char> >, std::ios_base&, char, long) const (in /usr/lib/x86_64-linux-gnu/libstdc++.so.6.0.25)
==19790==    by 0x5152384: std::ostream& std::ostream::_M_insert<long>(long) (in /usr/lib/x86_64-linux-gnu/libstdc++.so.6.0.25)
==19790==    by 0x10899C: f(int&) (main.cpp:11)
==19790==    by 0x108BD8: main (main.cpp:20)
==19790== 
==19790== Conditional jump or move depends on uninitialised value(s)
==19790==    at 0x5145B4B: ??? (in /usr/lib/x86_64-linux-gnu/libstdc++.so.6.0.25)
==19790==    by 0x5146063: std::ostreambuf_iterator<char, std::char_traits<char> > std::num_put<char, std::ostreambuf_iterator<char, std::char_traits<char> > >::_M_insert_int<long>(std::ostreambuf_iterator<char, std::char_traits<char> >, std::ios_base&, char, long) const (in /usr/lib/x86_64-linux-gnu/libstdc++.so.6.0.25)
==19790==    by 0x5152384: std::ostream& std::ostream::_M_insert<long>(long) (in /usr/lib/x86_64-linux-gnu/libstdc++.so.6.0.25)
==19790==    by 0x10899C: f(int&) (main.cpp:11)
==19790==    by 0x108BD8: main (main.cpp:20)
==19790== 
==19790== Conditional jump or move depends on uninitialised value(s)
==19790==    at 0x5146096: std::ostreambuf_iterator<char, std::char_traits<char> > std::num_put<char, std::ostreambuf_iterator<char, std::char_traits<char> > >::_M_insert_int<long>(std::ostreambuf_iterator<char, std::char_traits<char> >, std::ios_base&, char, long) const (in /usr/lib/x86_64-linux-gnu/libstdc++.so.6.0.25)
==19790==    by 0x5152384: std::ostream& std::ostream::_M_insert<long>(long) (in /usr/lib/x86_64-linux-gnu/libstdc++.so.6.0.25)
==19790==    by 0x10899C: f(int&) (main.cpp:11)
==19790==    by 0x108BD8: main (main.cpp:20)
==19790== 
==19790== 
==19790== HEAP SUMMARY:
==19790==     in use at exit: 0 bytes in 0 blocks
==19790==   total heap usage: 1 allocs, 1 frees, 72,704 bytes allocated
==19790== 
==19790== All heap blocks were freed -- no leaks are possible
==19790== 
==19790== For counts of detected and suppressed errors, rerun with: -v
==19790== Use --track-origins=yes to see where uninitialised values come from
==19790== ERROR SUMMARY: 4 errors from 4 contexts (suppressed: 0 from 0)
