==14884== Memcheck, a memory error detector
==14884== Copyright (C) 2002-2017, and GNU GPL'd, by Julian Seward et al.
==14884== Using Valgrind-3.13.0 and LibVEX; rerun with -h for copyright info
==14884== Command: /rhome/m/mucanbarli1/workspace/OR/P1/Z18/.runme
==14884== Parent PID: 14880
==14884== 
==14884== 
==14884== Process terminating with default action of signal 15 (SIGTERM)
==14884==    at 0x514E081: read (read.c:27)
==14884==    by 0x50CB147: _IO_file_underflow@@GLIBC_2.2.5 (fileops.c:531)
==14884==    by 0x50CC3F1: _IO_default_uflow (genops.c:380)
==14884==    by 0x10886F: unesi (main.c:18)
==14884==    by 0x108FB9: main (main.c:104)
==14884== 
==14884== HEAP SUMMARY:
==14884==     in use at exit: 0 bytes in 0 blocks
==14884==   total heap usage: 1 allocs, 1 frees, 1,024 bytes allocated
==14884== 
==14884== All heap blocks were freed -- no leaks are possible
==14884== 
==14884== For counts of detected and suppressed errors, rerun with: -v
==14884== ERROR SUMMARY: 0 errors from 0 contexts (suppressed: 0 from 0)
