[New LWP 14345]
Core was generated by `'.
Program terminated with signal SIGSEGV, Segmentation fault.
#0  0x0000000004c340d0 in ?? ()
#0  0x0000000004c340d0 in ?? ()
#1  0x0000000005165287 in ?? ()
#2  0x000000000010ae3d in ?? ()
#3  0x3d5ec27a250f3000 in ?? ()
#4  0x0000000005d805f0 in ?? ()
#5  0x0000001fff0005c0 in ?? ()
#6  0x0000000005d805f0 in ?? ()
#7  0x000000000010df24 in ?? ()
#8  0x0000000005d80250 in ?? ()
#9  0x0000001fff000850 in ?? ()
#10 0x0000000005d805f0 in ?? ()
#11 0x0000000005d80430 in ?? ()
#12 0x0000000000000040 in ?? ()
#13 0x0000000005d805f0 in ?? ()
#14 0x0000001fff000850 in ?? ()
#15 0x0000001fff000a10 in ?? ()
#16 0x0000001fff0005f0 in ?? ()
#17 0x000000000010dc4c in ?? ()
#18 0x0000001fff0005f0 in ?? ()
#19 0x0000001fff000850 in ?? ()
#20 0x0000000005d805f0 in ?? ()
#21 0x0000000005d80430 in ?? ()
#22 0x0000001fff000630 in ?? ()
#23 0x000000000010d7fd in ?? ()
#24 0x0000000000000001 in ?? ()
#25 0x0000001fff000850 in ?? ()
#26 0x0000000005d805d0 in ?? ()
#27 0x0000000005d80430 in ?? ()
#28 0x0000000005d80430 in ?? ()
#29 0x0000000000109640 in ?? ()
#30 0x0000001fff000660 in ?? ()
#31 0x000000000010d200 in ?? ()
#32 0x0000001fff000850 in ?? ()
#33 0x0000000005d80430 in ?? ()
#34 0x0000001fff000680 in ?? ()
#35 0x0000000005d805d0 in ?? ()
#36 0x0000001fff000690 in ?? ()
#37 0x000000000010cc5d in ?? ()
#38 0x0000001fff000850 in ?? ()
#39 0x0000001fff000730 in ?? ()
#40 0x0000001fff000700 in ?? ()
#41 0x0000000005d80430 in ?? ()
#42 0x0000001fff000700 in ?? ()
#43 0x000000000010c390 in ?? ()
#44 0x0000000000001102 in ?? ()
#45 0x0000001fff000730 in ?? ()
#46 0x0000001fff000850 in ?? ()
#47 0x0000000005d80438 in ?? ()
#48 0x0000000000000000 in ?? ()
