==27653== Memcheck, a memory error detector
==27653== Copyright (C) 2002-2017, and GNU GPL'd, by Julian Seward et al.
==27653== Using Valgrind-3.13.0 and LibVEX; rerun with -h for copyright info
==27653== Command: /rhome/m/mucanbarli1/workspace/TP/Z3/Z4/.runme
==27653== Parent PID: 27608
==27653== 
==27653== 
==27653== Process terminating with default action of signal 1 (SIGHUP)
==27653==    at 0x56EF081: read (read.c:27)
==27653==    by 0x566C147: _IO_file_underflow@@GLIBC_2.2.5 (fileops.c:531)
==27653==    by 0x566D3F1: _IO_default_uflow (genops.c:380)
==27653==    by 0x512B95C: __gnu_cxx::stdio_sync_filebuf<char, std::char_traits<char> >::underflow() (in /usr/lib/x86_64-linux-gnu/libstdc++.so.6.0.25)
==27653==    by 0x5139739: std::istream::sentry::sentry(std::istream&, bool) (in /usr/lib/x86_64-linux-gnu/libstdc++.so.6.0.25)
==27653==    by 0x513996D: std::istream::operator>>(int&) (in /usr/lib/x86_64-linux-gnu/libstdc++.so.6.0.25)
==27653==    by 0x10A41F: main (main.cpp:101)
==27653== 
==27653== HEAP SUMMARY:
==27653==     in use at exit: 0 bytes in 0 blocks
==27653==   total heap usage: 2 allocs, 2 frees, 73,728 bytes allocated
==27653== 
==27653== All heap blocks were freed -- no leaks are possible
==27653== 
==27653== For counts of detected and suppressed errors, rerun with: -v
==27653== ERROR SUMMARY: 0 errors from 0 contexts (suppressed: 0 from 0)
