[New LWP 22376]
Core was generated by `'.
Program terminated with signal SIGSEGV, Segmentation fault.
#0  0x0000000000108fc4 in ?? ()
#0  0x0000000000108fc4 in ?? ()
#1  0x0000000005d7fc80 in ?? ()
#2  0x0000001fff0008d0 in ?? ()
#3  0x0000001fff000890 in ?? ()
#4  0x0000000000109025 in ?? ()
#5  0x0000001fff0008b0 in ?? ()
#6  0x0000001fff0008d0 in ?? ()
#7  0x0000001fff0008f0 in ?? ()
#8  0x0000000005d7fc80 in ?? ()
#9  0x0000001fff000920 in ?? ()
#10 0x0000000000108c9e in ?? ()
#11 0x0000001fff0008d0 in ?? ()
#12 0x0000000000309d10 in ?? ()
#13 0x0000000005d7fc80 in ?? ()
#14 0x0000000005d7fdc0 in ?? ()
#15 0x0000000000000005 in ?? ()
#16 0x000000010000ffff in ?? ()
#17 0x0000001fff0008e0 in ?? ()
#18 0x0000000000108eae in ?? ()
#19 0x0000000000000002 in ?? ()
#20 0x00000000001091cd in ?? ()
#21 0x0000000000000006 in ?? ()
#22 0x0000000000000000 in ?? ()
