[New LWP 9383]
Core was generated by `'.
Program terminated with signal SIGSEGV, Segmentation fault.
#0  0x0000000000108920 in ?? ()
#0  0x0000000000108920 in ?? ()
#1  0x0000001fff000920 in ?? ()
#2  0x00000000001089a3 in ?? ()
#3  0x73726573555c3a43 in ?? ()
#4  0x746e65647574535c in ?? ()
#5  0x706f746b7365445c in ?? ()
#6  0x3b031b0100732500 in ?? ()
#7  0x0000000700000044 in ?? ()
#8  0x00000090fffffae0 in ?? ()
#9  0x000000b8fffffb10 in ?? ()
#10 0x00000060fffffb20 in ?? ()
#11 0x000000d0fffffc2a in ?? ()
#12 0x000000f0fffffec0 in ?? ()
#13 0x00000110ffffff60 in ?? ()
#14 0x00000158ffffffd0 in ?? ()
#15 0x0000001400000000 in ?? ()
#16 0x00527a0100000000 in ?? ()
#17 0x08070c1b01107801 in ?? ()
#18 0x0000001410070190 in ?? ()
#19 0xfffffab80000001c in ?? ()
#20 0x000000000000002b in ?? ()
#21 0x0000001400000000 in ?? ()
#22 0x00527a0100000000 in ?? ()
#23 0x08070c1b01107801 in ?? ()
#24 0x0000002400000190 in ?? ()
#25 0xfffffa480000001c in ?? ()
#26 0x46100e0000000030 in ?? ()
#27 0x8008770b0f4a180e in ?? ()
#28 0x2224332a3b1a3f00 in ?? ()
#29 0x0000001400000000 in ?? ()
#30 0xfffffa5000000044 in ?? ()
#31 0x0000000000000008 in ?? ()
#32 0x0000001c00000000 in ?? ()
#33 0xfffffb520000005c in ?? ()
#34 0x100e410000000296 in ?? ()
#35 0x029103060d430286 in ?? ()
#36 0x0000001c0008070c in ?? ()
#37 0xfffffdc80000007c in ?? ()
#38 0x100e410000000092 in ?? ()
#39 0x0c8d02060d430286 in ?? ()
#40 0x0000004400000807 in ?? ()
#41 0xfffffe480000009c in ?? ()
#42 0x100e420000000065 in ?? ()
#43 0x45038e180e42028f in ?? ()
#44 0x8c280e42048d200e in ?? ()
#45 0x0e480686300e4805 in ?? ()
#46 0x0e72400e4d078338 in ?? ()
#47 0x42280e41300e4138 in ?? ()
#48 0x100e42180e42200e in ?? ()
#49 0x0000001000080e42 in ?? ()
#50 0xfffffe70000000e4 in ?? ()
#51 0x0000000000000002 in ?? ()
#52 0x0000000000000000 in ?? ()
