==23667== Memcheck, a memory error detector
==23667== Copyright (C) 2002-2017, and GNU GPL'd, by Julian Seward et al.
==23667== Using Valgrind-3.13.0 and LibVEX; rerun with -h for copyright info
==23667== Command: /rhome/m/mucanbarli1/workspace/TP/T11/Z2/.runme
==23667== Parent PID: 23646
==23667== 
==23667== 
==23667== Process terminating with default action of signal 1 (SIGHUP)
==23667==    at 0x56EF081: read (read.c:27)
==23667==    by 0x566C147: _IO_file_underflow@@GLIBC_2.2.5 (fileops.c:531)
==23667==    by 0x566D3F1: _IO_default_uflow (genops.c:380)
==23667==    by 0x512B95C: __gnu_cxx::stdio_sync_filebuf<char, std::char_traits<char> >::underflow() (in /usr/lib/x86_64-linux-gnu/libstdc++.so.6.0.25)
==23667==    by 0x5139739: std::istream::sentry::sentry(std::istream&, bool) (in /usr/lib/x86_64-linux-gnu/libstdc++.so.6.0.25)
==23667==    by 0x513996D: std::istream::operator>>(int&) (in /usr/lib/x86_64-linux-gnu/libstdc++.so.6.0.25)
==23667==    by 0x108C77: main (main.cpp:58)
==23667== 
==23667== HEAP SUMMARY:
==23667==     in use at exit: 0 bytes in 0 blocks
==23667==   total heap usage: 2 allocs, 2 frees, 73,728 bytes allocated
==23667== 
==23667== All heap blocks were freed -- no leaks are possible
==23667== 
==23667== For counts of detected and suppressed errors, rerun with: -v
==23667== ERROR SUMMARY: 0 errors from 0 contexts (suppressed: 0 from 0)
