==14704== Memcheck, a memory error detector
==14704== Copyright (C) 2002-2017, and GNU GPL'd, by Julian Seward et al.
==14704== Using Valgrind-3.13.0 and LibVEX; rerun with -h for copyright info
==14704== Command: /rhome/m/mucanbarli1/workspace/TP/T5/Z3/.runme
==14704== Parent PID: 14676
==14704== 
==14704== 
==14704== Process terminating with default action of signal 15 (SIGTERM)
==14704==    at 0x5875081: read (read.c:27)
==14704==    by 0x57F2147: _IO_file_underflow@@GLIBC_2.2.5 (fileops.c:531)
==14704==    by 0x57F33F1: _IO_default_uflow (genops.c:380)
==14704==    by 0x512B95C: __gnu_cxx::stdio_sync_filebuf<char, std::char_traits<char> >::underflow() (in /usr/lib/x86_64-linux-gnu/libstdc++.so.6.0.25)
==14704==    by 0x5139739: std::istream::sentry::sentry(std::istream&, bool) (in /usr/lib/x86_64-linux-gnu/libstdc++.so.6.0.25)
==14704==    by 0x513996D: std::istream::operator>>(int&) (in /usr/lib/x86_64-linux-gnu/libstdc++.so.6.0.25)
==14704==    by 0x108D44: main (main.cpp:44)
==14704== 
==14704== HEAP SUMMARY:
==14704==     in use at exit: 0 bytes in 0 blocks
==14704==   total heap usage: 2 allocs, 2 frees, 73,728 bytes allocated
==14704== 
==14704== All heap blocks were freed -- no leaks are possible
==14704== 
==14704== For counts of detected and suppressed errors, rerun with: -v
==14704== ERROR SUMMARY: 0 errors from 0 contexts (suppressed: 0 from 0)
