==11077== Memcheck, a memory error detector
==11077== Copyright (C) 2002-2017, and GNU GPL'd, by Julian Seward et al.
==11077== Using Valgrind-3.13.0 and LibVEX; rerun with -h for copyright info
==11077== Command: /rhome/m/mucanbarli1/workspace/TP/T13/Z1/.runme
==11077== Parent PID: 11058
==11077== 
==11077== 
==11077== Process terminating with default action of signal 15 (SIGTERM)
==11077==    at 0x5A8D081: read (read.c:27)
==11077==    by 0x5A0A147: _IO_file_underflow@@GLIBC_2.2.5 (fileops.c:531)
==11077==    by 0x5A0B3F1: _IO_default_uflow (genops.c:380)
==11077==    by 0x512B95C: __gnu_cxx::stdio_sync_filebuf<char, std::char_traits<char> >::underflow() (in /usr/lib/x86_64-linux-gnu/libstdc++.so.6.0.25)
==11077==    by 0x5139739: std::istream::sentry::sentry(std::istream&, bool) (in /usr/lib/x86_64-linux-gnu/libstdc++.so.6.0.25)
==11077==    by 0x513B01A: std::basic_istream<char, std::char_traits<char> >& std::operator>><char, std::char_traits<char> >(std::basic_istream<char, std::char_traits<char> >&, char&) (in /usr/lib/x86_64-linux-gnu/libstdc++.so.6.0.25)
==11077==    by 0x109C23: main (main.cpp:102)
==11077== 
==11077== HEAP SUMMARY:
==11077==     in use at exit: 120 bytes in 2 blocks
==11077==   total heap usage: 6 allocs, 4 frees, 73,962 bytes allocated
==11077== 
==11077== LEAK SUMMARY:
==11077==    definitely lost: 0 bytes in 0 blocks
==11077==    indirectly lost: 0 bytes in 0 blocks
==11077==      possibly lost: 0 bytes in 0 blocks
==11077==    still reachable: 120 bytes in 2 blocks
==11077==         suppressed: 0 bytes in 0 blocks
==11077== Reachable blocks (those to which a pointer was found) are not shown.
==11077== To see them, rerun with: --leak-check=full --show-leak-kinds=all
==11077== 
==11077== For counts of detected and suppressed errors, rerun with: -v
==11077== ERROR SUMMARY: 0 errors from 0 contexts (suppressed: 0 from 0)
