==20931== Memcheck, a memory error detector
==20931== Copyright (C) 2002-2017, and GNU GPL'd, by Julian Seward et al.
==20931== Using Valgrind-3.13.0 and LibVEX; rerun with -h for copyright info
==20931== Command: /rhome/m/mucanbarli1/workspace/OR/T13/Z3/.runme
==20931== Parent PID: 20916
==20931== 
==20931== 
==20931== Process terminating with default action of signal 1 (SIGHUP)
==20931==    at 0x514E081: read (read.c:27)
==20931==    by 0x50CB147: _IO_file_underflow@@GLIBC_2.2.5 (fileops.c:531)
==20931==    by 0x50CC3F1: _IO_default_uflow (genops.c:380)
==20931==    by 0x50A9BE9: _IO_vfscanf (vfscanf.c:630)
==20931==    by 0x50B9FD7: __isoc99_scanf (isoc99_scanf.c:37)
==20931==    by 0x108B9C: main (main.c:52)
==20931== 
==20931== HEAP SUMMARY:
==20931==     in use at exit: 1,104 bytes in 2 blocks
==20931==   total heap usage: 4 allocs, 2 frees, 10,320 bytes allocated
==20931== 
==20931== LEAK SUMMARY:
==20931==    definitely lost: 0 bytes in 0 blocks
==20931==    indirectly lost: 0 bytes in 0 blocks
==20931==      possibly lost: 0 bytes in 0 blocks
==20931==    still reachable: 1,104 bytes in 2 blocks
==20931==         suppressed: 0 bytes in 0 blocks
==20931== Reachable blocks (those to which a pointer was found) are not shown.
==20931== To see them, rerun with: --leak-check=full --show-leak-kinds=all
==20931== 
==20931== For counts of detected and suppressed errors, rerun with: -v
==20931== ERROR SUMMARY: 0 errors from 0 contexts (suppressed: 0 from 0)
