[New LWP 1973]
Core was generated by `'.
Program terminated with signal SIGSEGV, Segmentation fault.
#0  0x00000000051630a0 in ?? ()
#0  0x00000000051630a0 in ?? ()
#1  0x000000000010a4d0 in ?? ()
#2  0x000000010000ffff in ?? ()
#3  0x000000010000ffff in ?? ()
#4  0x0000000000109aca in ?? ()
#5  0x00000000001091d0 in ?? ()
#6  0x0000001fff0007b0 in ?? ()
#7  0x000000000010a4ac in ?? ()
#8  0x000000010000ffff in ?? ()
#9  0x000000010000ffff in ?? ()
#10 0x0000001fff000810 in ?? ()
#11 0x000000000010a061 in ?? ()
#12 0x000000010000ffff in ?? ()
#13 0x0000001fff0008c0 in ?? ()
#14 0x0000001fff000800 in ?? ()
#15 0x000000010000ffff in ?? ()
#16 0x0000000000000000 in ?? ()
