==6936== Memcheck, a memory error detector
==6936== Copyright (C) 2002-2017, and GNU GPL'd, by Julian Seward et al.
==6936== Using Valgrind-3.13.0 and LibVEX; rerun with -h for copyright info
==6936== Command: /rhome/m/mucanbarli1/workspace/TP/Z2/Z1/.runme
==6936== Parent PID: 6913
==6936== 
==6936== 
==6936== Process terminating with default action of signal 1 (SIGHUP)
==6936==    at 0x56EF081: read (read.c:27)
==6936==    by 0x566C147: _IO_file_underflow@@GLIBC_2.2.5 (fileops.c:531)
==6936==    by 0x566D3F1: _IO_default_uflow (genops.c:380)
==6936==    by 0x512B93C: __gnu_cxx::stdio_sync_filebuf<char, std::char_traits<char> >::uflow() (in /usr/lib/x86_64-linux-gnu/libstdc++.so.6.0.25)
==6936==    by 0x5139C85: std::istream::get() (in /usr/lib/x86_64-linux-gnu/libstdc++.so.6.0.25)
==6936==    by 0x1096BC: UnosKomande(Komande&, int&, KodoviGresaka&) (main.cpp:112)
==6936==    by 0x109BF3: main (main.cpp:260)
==6936== 
==6936== HEAP SUMMARY:
==6936==     in use at exit: 0 bytes in 0 blocks
==6936==   total heap usage: 2 allocs, 2 frees, 73,728 bytes allocated
==6936== 
==6936== All heap blocks were freed -- no leaks are possible
==6936== 
==6936== For counts of detected and suppressed errors, rerun with: -v
==6936== ERROR SUMMARY: 0 errors from 0 contexts (suppressed: 0 from 0)
