==16119== Memcheck, a memory error detector
==16119== Copyright (C) 2002-2017, and GNU GPL'd, by Julian Seward et al.
==16119== Using Valgrind-3.13.0 and LibVEX; rerun with -h for copyright info
==16119== Command: /rhome/m/mucanbarli1/workspace/TP/ZSR2/Z5/.runme
==16119== Parent PID: 16083
==16119== 
==16119== 
==16119== Process terminating with default action of signal 6 (SIGABRT): dumping core
==16119==    at 0x561DE97: raise (raise.c:51)
==16119==    by 0x561F800: abort (abort.c:79)
==16119==    by 0x50CA8B6: ??? (in /usr/lib/x86_64-linux-gnu/libstdc++.so.6.0.25)
==16119==    by 0x50D0A05: ??? (in /usr/lib/x86_64-linux-gnu/libstdc++.so.6.0.25)
==16119==    by 0x50D0A40: std::terminate() (in /usr/lib/x86_64-linux-gnu/libstdc++.so.6.0.25)
==16119==    by 0x50D0C73: __cxa_throw (in /usr/lib/x86_64-linux-gnu/libstdc++.so.6.0.25)
==16119==    by 0x50CC7B4: ??? (in /usr/lib/x86_64-linux-gnu/libstdc++.so.6.0.25)
==16119==    by 0x108FB5: std::vector<int, std::allocator<int> >::_M_range_check(unsigned long) const (stl_vector.h:825)
==16119==    by 0x108DC8: std::vector<int, std::allocator<int> >::at(unsigned long) (stl_vector.h:846)
==16119==    by 0x108B50: main (main.cpp:8)
==16119== 
==16119== HEAP SUMMARY:
==16119==     in use at exit: 254 bytes in 3 blocks
==16119==   total heap usage: 5 allocs, 2 frees, 72,990 bytes allocated
==16119== 
==16119== 144 bytes in 1 blocks are possibly lost in loss record 3 of 3
==16119==    at 0x4C2FB0F: malloc (in /usr/lib/valgrind/vgpreload_memcheck-amd64-linux.so)
==16119==    by 0x50CF83F: __cxa_allocate_exception (in /usr/lib/x86_64-linux-gnu/libstdc++.so.6.0.25)
==16119==    by 0x50F917A: std::__throw_out_of_range_fmt(char const*, ...) (in /usr/lib/x86_64-linux-gnu/libstdc++.so.6.0.25)
==16119==    by 0x108FB5: std::vector<int, std::allocator<int> >::_M_range_check(unsigned long) const (stl_vector.h:825)
==16119==    by 0x108DC8: std::vector<int, std::allocator<int> >::at(unsigned long) (stl_vector.h:846)
==16119==    by 0x108B50: main (main.cpp:8)
==16119== 
==16119== LEAK SUMMARY:
==16119==    definitely lost: 0 bytes in 0 blocks
==16119==    indirectly lost: 0 bytes in 0 blocks
==16119==      possibly lost: 144 bytes in 1 blocks
==16119==    still reachable: 110 bytes in 2 blocks
==16119==                       of which reachable via heuristic:
==16119==                         stdstring          : 94 bytes in 1 blocks
==16119==         suppressed: 0 bytes in 0 blocks
==16119== Reachable blocks (those to which a pointer was found) are not shown.
==16119== To see them, rerun with: --leak-check=full --show-leak-kinds=all
==16119== 
==16119== For counts of detected and suppressed errors, rerun with: -v
==16119== ERROR SUMMARY: 1 errors from 1 contexts (suppressed: 0 from 0)
