[New LWP 21975]
Core was generated by `'.
Program terminated with signal SIGSEGV, Segmentation fault.
#0  0x000000000010870a in ?? ()
#0  0x000000000010870a in ?? ()
#1  0x00000000001085f0 in ?? ()
#2  0x0000001fff001000 in ?? ()
#3  0x0000001ffeff2910 in ?? ()
#4  0x0000000000108736 in ?? ()
#5  0x00000000001085f0 in ?? ()
#6  0x0000001fff000fff in ?? ()
#7  0x0000001ffeff2930 in ?? ()
#8  0x0000000000108736 in ?? ()
#9  0x00000000001085f0 in ?? ()
#10 0x0000001fff000ffe in ?? ()
#11 0x0000001ffeff2950 in ?? ()
#12 0x0000000000108736 in ?? ()
#13 0x00000000001085f0 in ?? ()
#14 0x0000001fff000ffd in ?? ()
#15 0x0000001ffeff2970 in ?? ()
#16 0x0000000000108736 in ?? ()
#17 0x0000000000000000 in ?? ()
