[New LWP 29235]
Core was generated by `'.
Program terminated with signal SIGXCPU, CPU time limit exceeded.
#0  0x000000000010910c in ?? ()
#0  0x000000000010910c in ?? ()
#1  0x00000000053c39e8 in ?? ()
#2  0x401638f2d9f0c3e7 in ?? ()
#3  0x4014000000b504f3 in ?? ()
#4  0x3ff6666666666666 in ?? ()
#5  0x4202a05f20000000 in ?? ()
#6  0x3ee4f8b588e368f1 in ?? ()
#7  0x3e45798ee2308c3a in ?? ()
#8  0x3ff0000000000000 in ?? ()
#9  0x00000000050e19e0 in ?? ()
#10 0x0100000005622489 in ?? ()
#11 0x3ffd27f572a8caae in ?? ()
#12 0x4014000000b504f3 in ?? ()
#13 0x4014000000b504f4 in ?? ()
#14 0x4014000000b504f3 in ?? ()
#15 0x4014000000b504f3 in ?? ()
#16 0x3ff0000000000000 in ?? ()
#17 0x3ff0000000000000 in ?? ()
#18 0x3ff9e3779b97f4a8 in ?? ()
#19 0x0000000000000000 in ?? ()
