==3677== Memcheck, a memory error detector
==3677== Copyright (C) 2002-2017, and GNU GPL'd, by Julian Seward et al.
==3677== Using Valgrind-3.13.0 and LibVEX; rerun with -h for copyright info
==3677== Command: /rhome/m/mucanbarli1/workspace/TP/T8/Z3/.runme
==3677== Parent PID: 3658
==3677== 
==3677== 
==3677== Process terminating with default action of signal 15 (SIGTERM)
==3677==    at 0x56EF081: read (read.c:27)
==3677==    by 0x566C147: _IO_file_underflow@@GLIBC_2.2.5 (fileops.c:531)
==3677==    by 0x566D3F1: _IO_default_uflow (genops.c:380)
==3677==    by 0x512B95C: __gnu_cxx::stdio_sync_filebuf<char, std::char_traits<char> >::underflow() (in /usr/lib/x86_64-linux-gnu/libstdc++.so.6.0.25)
==3677==    by 0x5139739: std::istream::sentry::sentry(std::istream&, bool) (in /usr/lib/x86_64-linux-gnu/libstdc++.so.6.0.25)
==3677==    by 0x513996D: std::istream::operator>>(int&) (in /usr/lib/x86_64-linux-gnu/libstdc++.so.6.0.25)
==3677==    by 0x1091B7: main (main.cpp:25)
==3677== 
==3677== HEAP SUMMARY:
==3677==     in use at exit: 0 bytes in 0 blocks
==3677==   total heap usage: 2 allocs, 2 frees, 73,728 bytes allocated
==3677== 
==3677== All heap blocks were freed -- no leaks are possible
==3677== 
==3677== For counts of detected and suppressed errors, rerun with: -v
==3677== ERROR SUMMARY: 0 errors from 0 contexts (suppressed: 0 from 0)
