==12200== Memcheck, a memory error detector
==12200== Copyright (C) 2002-2017, and GNU GPL'd, by Julian Seward et al.
==12200== Using Valgrind-3.13.0 and LibVEX; rerun with -h for copyright info
==12200== Command: /rhome/m/mucanbarli1/workspace/OR/T12/Z4/.runme
==12200== Parent PID: 12185
==12200== 
==12200== Conditional jump or move depends on uninitialised value(s)
==12200==    at 0x509A8DA: vfprintf (vfprintf.c:1642)
==12200==    by 0x509C67F: buffered_vfprintf (vfprintf.c:2329)
==12200==    by 0x5099725: vfprintf (vfprintf.c:1301)
==12200==    by 0x50A2F25: printf (printf.c:33)
==12200==    by 0x108AEC: main (main.c:44)
==12200== 
==12200== Use of uninitialised value of size 8
==12200==    at 0x509686B: _itoa_word (_itoa.c:179)
==12200==    by 0x5099F0D: vfprintf (vfprintf.c:1642)
==12200==    by 0x509C67F: buffered_vfprintf (vfprintf.c:2329)
==12200==    by 0x5099725: vfprintf (vfprintf.c:1301)
==12200==    by 0x50A2F25: printf (printf.c:33)
==12200==    by 0x108AEC: main (main.c:44)
==12200== 
==12200== Conditional jump or move depends on uninitialised value(s)
==12200==    at 0x5096875: _itoa_word (_itoa.c:179)
==12200==    by 0x5099F0D: vfprintf (vfprintf.c:1642)
==12200==    by 0x509C67F: buffered_vfprintf (vfprintf.c:2329)
==12200==    by 0x5099725: vfprintf (vfprintf.c:1301)
==12200==    by 0x50A2F25: printf (printf.c:33)
==12200==    by 0x108AEC: main (main.c:44)
==12200== 
==12200== Conditional jump or move depends on uninitialised value(s)
==12200==    at 0x509A014: vfprintf (vfprintf.c:1642)
==12200==    by 0x509C67F: buffered_vfprintf (vfprintf.c:2329)
==12200==    by 0x5099725: vfprintf (vfprintf.c:1301)
==12200==    by 0x50A2F25: printf (printf.c:33)
==12200==    by 0x108AEC: main (main.c:44)
==12200== 
==12200== Conditional jump or move depends on uninitialised value(s)
==12200==    at 0x509AB4C: vfprintf (vfprintf.c:1642)
==12200==    by 0x509C67F: buffered_vfprintf (vfprintf.c:2329)
==12200==    by 0x5099725: vfprintf (vfprintf.c:1301)
==12200==    by 0x50A2F25: printf (printf.c:33)
==12200==    by 0x108AEC: main (main.c:44)
==12200== 
==12200== 
==12200== HEAP SUMMARY:
==12200==     in use at exit: 552 bytes in 1 blocks
==12200==   total heap usage: 5 allocs, 4 frees, 18,512 bytes allocated
==12200== 
==12200== LEAK SUMMARY:
==12200==    definitely lost: 0 bytes in 0 blocks
==12200==    indirectly lost: 0 bytes in 0 blocks
==12200==      possibly lost: 0 bytes in 0 blocks
==12200==    still reachable: 552 bytes in 1 blocks
==12200==         suppressed: 0 bytes in 0 blocks
==12200== Reachable blocks (those to which a pointer was found) are not shown.
==12200== To see them, rerun with: --leak-check=full --show-leak-kinds=all
==12200== 
==12200== For counts of detected and suppressed errors, rerun with: -v
==12200== Use --track-origins=yes to see where uninitialised values come from
==12200== ERROR SUMMARY: 20 errors from 5 contexts (suppressed: 0 from 0)
