==14916== Memcheck, a memory error detector
==14916== Copyright (C) 2002-2017, and GNU GPL'd, by Julian Seward et al.
==14916== Using Valgrind-3.13.0 and LibVEX; rerun with -h for copyright info
==14916== Command: /rhome/m/mucanbarli1/workspace/TP/T8/Z5/.runme
==14916== Parent PID: 14897
==14916== 
==14916== 
==14916== Process terminating with default action of signal 1 (SIGHUP)
==14916==    at 0x54D7152: write (write.c:27)
==14916==    by 0x54521BC: _IO_file_write@@GLIBC_2.2.5 (fileops.c:1203)
==14916==    by 0x5452B2E: new_do_write (fileops.c:457)
==14916==    by 0x5452B2E: _IO_file_xsputn@@GLIBC_2.2.5 (fileops.c:1277)
==14916==    by 0x5446976: fwrite (iofwrite.c:39)
==14916==    by 0x5151E93: std::basic_ostream<char, std::char_traits<char> >& std::__ostream_insert<char, std::char_traits<char> >(std::basic_ostream<char, std::char_traits<char> >&, char const*, long) (in /usr/lib/x86_64-linux-gnu/libstdc++.so.6.0.25)
==14916==    by 0x5152206: std::basic_ostream<char, std::char_traits<char> >& std::operator<< <std::char_traits<char> >(std::basic_ostream<char, std::char_traits<char> >&, char const*) (in /usr/lib/x86_64-linux-gnu/libstdc++.so.6.0.25)
==14916==    by 0x108A46: UnesiVektor(std::tuple<double, double, double>&) (main.cpp:8)
==14916==    by 0x108EC4: main (main.cpp:35)
==14916== 
==14916== HEAP SUMMARY:
==14916==     in use at exit: 0 bytes in 0 blocks
==14916==   total heap usage: 2 allocs, 2 frees, 73,728 bytes allocated
==14916== 
==14916== All heap blocks were freed -- no leaks are possible
==14916== 
==14916== For counts of detected and suppressed errors, rerun with: -v
==14916== ERROR SUMMARY: 0 errors from 0 contexts (suppressed: 0 from 0)
