==25174== Memcheck, a memory error detector
==25174== Copyright (C) 2002-2017, and GNU GPL'd, by Julian Seward et al.
==25174== Using Valgrind-3.13.0 and LibVEX; rerun with -h for copyright info
==25174== Command: /rhome/m/mucanbarli1/workspace/OR/T13/Z5/.runme
==25174== Parent PID: 25161
==25174== 
==25174== 
==25174== Process terminating with default action of signal 1 (SIGHUP)
==25174==    at 0x514E081: read (read.c:27)
==25174==    by 0x50CB147: _IO_file_underflow@@GLIBC_2.2.5 (fileops.c:531)
==25174==    by 0x50CC3F1: _IO_default_uflow (genops.c:380)
==25174==    by 0x50A9BE9: _IO_vfscanf (vfscanf.c:630)
==25174==    by 0x50B9FD7: __isoc99_scanf (isoc99_scanf.c:37)
==25174==    by 0x108C36: main (main.c:63)
==25174== 
==25174== HEAP SUMMARY:
==25174==     in use at exit: 1,104 bytes in 2 blocks
==25174==   total heap usage: 3 allocs, 1 frees, 2,128 bytes allocated
==25174== 
==25174== LEAK SUMMARY:
==25174==    definitely lost: 0 bytes in 0 blocks
==25174==    indirectly lost: 0 bytes in 0 blocks
==25174==      possibly lost: 0 bytes in 0 blocks
==25174==    still reachable: 1,104 bytes in 2 blocks
==25174==         suppressed: 0 bytes in 0 blocks
==25174== Reachable blocks (those to which a pointer was found) are not shown.
==25174== To see them, rerun with: --leak-check=full --show-leak-kinds=all
==25174== 
==25174== For counts of detected and suppressed errors, rerun with: -v
==25174== ERROR SUMMARY: 0 errors from 0 contexts (suppressed: 0 from 0)
