[New LWP 19404]
Core was generated by `'.
Program terminated with signal SIGSEGV, Segmentation fault.
#0  0x000000000010a0e3 in ?? ()
#0  0x000000000010a0e3 in ?? ()
#1  0x0000001fff0008d0 in ?? ()
#2  0x0000001fff0008d0 in ?? ()
#3  0x00000000ff000800 in ?? ()
#4  0x0000000200000000 in ?? ()
#5  0x0000000200000002 in ?? ()
#6  0x0000000005d805a0 in ?? ()
#7  0x4008000000000000 in ?? ()
#8  0x31ac3fccc3e3a600 in ?? ()
#9  0x0000000000000001 in ?? ()
#10 0x0000000000109230 in ?? ()
#11 0x0000001fff0008b0 in ?? ()
#12 0x0000000000109a11 in ?? ()
#13 0x0000001fff000860 in ?? ()
#14 0x4008000000000000 in ?? ()
#15 0x0000001fff0008f0 in ?? ()
#16 0x0000001fff0008d0 in ?? ()
#17 0x0000000005d80468 in ?? ()
#18 0x0000000100000000 in ?? ()
#19 0x0000000200000002 in ?? ()
#20 0x0000000005d804b0 in ?? ()
#21 0x0000001fff0008e0 in ?? ()
#22 0x0000000000000000 in ?? ()
