==18057== Memcheck, a memory error detector
==18057== Copyright (C) 2002-2017, and GNU GPL'd, by Julian Seward et al.
==18057== Using Valgrind-3.13.0 and LibVEX; rerun with -h for copyright info
==18057== Command: /rhome/m/mucanbarli1/workspace/OR/T12/Z5/.runme
==18057== Parent PID: 18043
==18057== 
==18057== 
==18057== HEAP SUMMARY:
==18057==     in use at exit: 1,104 bytes in 2 blocks
==18057==   total heap usage: 5 allocs, 3 frees, 18,512 bytes allocated
==18057== 
==18057== LEAK SUMMARY:
==18057==    definitely lost: 0 bytes in 0 blocks
==18057==    indirectly lost: 0 bytes in 0 blocks
==18057==      possibly lost: 0 bytes in 0 blocks
==18057==    still reachable: 1,104 bytes in 2 blocks
==18057==         suppressed: 0 bytes in 0 blocks
==18057== Reachable blocks (those to which a pointer was found) are not shown.
==18057== To see them, rerun with: --leak-check=full --show-leak-kinds=all
==18057== 
==18057== For counts of detected and suppressed errors, rerun with: -v
==18057== ERROR SUMMARY: 0 errors from 0 contexts (suppressed: 0 from 0)
