==29843== Memcheck, a memory error detector
==29843== Copyright (C) 2002-2017, and GNU GPL'd, by Julian Seward et al.
==29843== Using Valgrind-3.13.0 and LibVEX; rerun with -h for copyright info
==29843== Command: /rhome/m/mucanbarli1/workspace/OR/T11/Z2/.runme
==29843== Parent PID: 29832
==29843== 
==29843== 
==29843== Process terminating with default action of signal 1 (SIGHUP)
==29843==    at 0x54EC152: write (write.c:27)
==29843==    by 0x54671BC: _IO_file_write@@GLIBC_2.2.5 (fileops.c:1203)
==29843==    by 0x5467B2E: new_do_write (fileops.c:457)
==29843==    by 0x5467B2E: _IO_file_xsputn@@GLIBC_2.2.5 (fileops.c:1277)
==29843==    by 0x545CA8E: puts (ioputs.c:40)
==29843==    by 0x10889F: unos_kruznice (main.c:26)
==29843==    by 0x108A41: main (main.c:55)
==29843== 
==29843== HEAP SUMMARY:
==29843==     in use at exit: 0 bytes in 0 blocks
==29843==   total heap usage: 1 allocs, 1 frees, 1,024 bytes allocated
==29843== 
==29843== All heap blocks were freed -- no leaks are possible
==29843== 
==29843== For counts of detected and suppressed errors, rerun with: -v
==29843== ERROR SUMMARY: 0 errors from 0 contexts (suppressed: 0 from 0)
