==8996== Memcheck, a memory error detector
==8996== Copyright (C) 2002-2017, and GNU GPL'd, by Julian Seward et al.
==8996== Using Valgrind-3.13.0 and LibVEX; rerun with -h for copyright info
==8996== Command: /rhome/m/mucanbarli1/workspace/OR/P1/Z14/.runme
==8996== Parent PID: 8992
==8996== 
==8996== Conditional jump or move depends on uninitialised value(s)
==8996==    at 0x108954: upitna (main.c:35)
==8996==    by 0x108ECC: main (main.c:117)
==8996== 
==8996== 
==8996== HEAP SUMMARY:
==8996==     in use at exit: 0 bytes in 0 blocks
==8996==   total heap usage: 1 allocs, 1 frees, 1,024 bytes allocated
==8996== 
==8996== All heap blocks were freed -- no leaks are possible
==8996== 
==8996== For counts of detected and suppressed errors, rerun with: -v
==8996== Use --track-origins=yes to see where uninitialised values come from
==8996== ERROR SUMMARY: 4 errors from 1 contexts (suppressed: 0 from 0)
