==29735== Memcheck, a memory error detector
==29735== Copyright (C) 2002-2017, and GNU GPL'd, by Julian Seward et al.
==29735== Using Valgrind-3.13.0 and LibVEX; rerun with -h for copyright info
==29735== Command: /rhome/m/mucanbarli1/workspace/TP/T12/Z6/.runme
==29735== Parent PID: 29709
==29735== 
==29735== 
==29735== Process terminating with default action of signal 1 (SIGHUP)
==29735==    at 0x56EF081: read (read.c:27)
==29735==    by 0x566C147: _IO_file_underflow@@GLIBC_2.2.5 (fileops.c:531)
==29735==    by 0x566D3F1: _IO_default_uflow (genops.c:380)
==29735==    by 0x512B95C: __gnu_cxx::stdio_sync_filebuf<char, std::char_traits<char> >::underflow() (in /usr/lib/x86_64-linux-gnu/libstdc++.so.6.0.25)
==29735==    by 0x5139739: std::istream::sentry::sentry(std::istream&, bool) (in /usr/lib/x86_64-linux-gnu/libstdc++.so.6.0.25)
==29735==    by 0x513996D: std::istream::operator>>(int&) (in /usr/lib/x86_64-linux-gnu/libstdc++.so.6.0.25)
==29735==    by 0x10953F: main (main.cpp:279)
==29735== 
==29735== HEAP SUMMARY:
==29735==     in use at exit: 0 bytes in 0 blocks
==29735==   total heap usage: 2 allocs, 2 frees, 73,728 bytes allocated
==29735== 
==29735== All heap blocks were freed -- no leaks are possible
==29735== 
==29735== For counts of detected and suppressed errors, rerun with: -v
==29735== ERROR SUMMARY: 0 errors from 0 contexts (suppressed: 0 from 0)
