==15037== Memcheck, a memory error detector
==15037== Copyright (C) 2002-2017, and GNU GPL'd, by Julian Seward et al.
==15037== Using Valgrind-3.13.0 and LibVEX; rerun with -h for copyright info
==15037== Command: /rhome/m/mucanbarli1/workspace/TP/Z4/Z2/.runme
==15037== Parent PID: 15001
==15037== 
==15037== Conditional jump or move depends on uninitialised value(s)
==15037==    at 0x10A4EC: main (main.cpp:253)
==15037== 
==15037== Conditional jump or move depends on uninitialised value(s)
==15037==    at 0x4C3084C: operator new[](unsigned long) (in /usr/lib/valgrind/vgpreload_memcheck-amd64-linux.so)
==15037==    by 0x10A4F9: main (main.cpp:253)
==15037== 
==15037== Warning: set address range perms: large range [0x616e040, 0x2ecb7218) (undefined)
==15037== Conditional jump or move depends on uninitialised value(s)
==15037==    at 0x10A59E: main (main.cpp:255)
==15037== 
==15037== 
==15037== Process terminating with default action of signal 1 (SIGHUP)
==15037==    at 0x56EF152: write (write.c:27)
==15037==    by 0x566A1BC: _IO_file_write@@GLIBC_2.2.5 (fileops.c:1203)
==15037==    by 0x566AB2E: new_do_write (fileops.c:457)
==15037==    by 0x566AB2E: _IO_file_xsputn@@GLIBC_2.2.5 (fileops.c:1277)
==15037==    by 0x565E976: fwrite (iofwrite.c:39)
==15037==    by 0x5151E93: std::basic_ostream<char, std::char_traits<char> >& std::__ostream_insert<char, std::char_traits<char> >(std::basic_ostream<char, std::char_traits<char> >&, char const*, long) (in /usr/lib/x86_64-linux-gnu/libstdc++.so.6.0.25)
==15037==    by 0x5152206: std::basic_ostream<char, std::char_traits<char> >& std::operator<< <std::char_traits<char> >(std::basic_ostream<char, std::char_traits<char> >&, char const*) (in /usr/lib/x86_64-linux-gnu/libstdc++.so.6.0.25)
==15037==    by 0x10A5B6: main (main.cpp:256)
==15037== 
==15037== HEAP SUMMARY:
==15037==     in use at exit: 682,922,456 bytes in 1 blocks
==15037==   total heap usage: 3 allocs, 2 frees, 682,996,184 bytes allocated
==15037== 
==15037== LEAK SUMMARY:
==15037==    definitely lost: 0 bytes in 0 blocks
==15037==    indirectly lost: 0 bytes in 0 blocks
==15037==      possibly lost: 0 bytes in 0 blocks
==15037==    still reachable: 682,922,456 bytes in 1 blocks
==15037==         suppressed: 0 bytes in 0 blocks
==15037== Reachable blocks (those to which a pointer was found) are not shown.
==15037== To see them, rerun with: --leak-check=full --show-leak-kinds=all
==15037== 
==15037== For counts of detected and suppressed errors, rerun with: -v
==15037== Use --track-origins=yes to see where uninitialised values come from
==15037== ERROR SUMMARY: 3 errors from 3 contexts (suppressed: 0 from 0)
