==14651== Memcheck, a memory error detector
==14651== Copyright (C) 2002-2017, and GNU GPL'd, by Julian Seward et al.
==14651== Using Valgrind-3.13.0 and LibVEX; rerun with -h for copyright info
==14651== Command: /rhome/m/mucanbarli1/workspace/OR/T8/Z3/.runme
==14651== Parent PID: 14638
==14651== 
==14651== 
==14651== Process terminating with default action of signal 1 (SIGHUP)
==14651==    at 0x514E081: read (read.c:27)
==14651==    by 0x50CB147: _IO_file_underflow@@GLIBC_2.2.5 (fileops.c:531)
==14651==    by 0x50CC3F1: _IO_default_uflow (genops.c:380)
==14651==    by 0x50A9BE9: _IO_vfscanf (vfscanf.c:630)
==14651==    by 0x50B9FD7: __isoc99_scanf (isoc99_scanf.c:37)
==14651==    by 0x10884F: main (main.c:33)
==14651== 
==14651== HEAP SUMMARY:
==14651==     in use at exit: 0 bytes in 0 blocks
==14651==   total heap usage: 1 allocs, 1 frees, 1,024 bytes allocated
==14651== 
==14651== All heap blocks were freed -- no leaks are possible
==14651== 
==14651== For counts of detected and suppressed errors, rerun with: -v
==14651== ERROR SUMMARY: 0 errors from 0 contexts (suppressed: 0 from 0)
