==20585== Memcheck, a memory error detector
==20585== Copyright (C) 2002-2017, and GNU GPL'd, by Julian Seward et al.
==20585== Using Valgrind-3.13.0 and LibVEX; rerun with -h for copyright info
==20585== Command: /rhome/m/mucanbarli1/workspace/TP/ZSR6/Z1/.runme
==20585== Parent PID: 20558
==20585== 
==20585== 
==20585== Process terminating with default action of signal 15 (SIGTERM)
==20585==    at 0x56EF081: read (read.c:27)
==20585==    by 0x566C147: _IO_file_underflow@@GLIBC_2.2.5 (fileops.c:531)
==20585==    by 0x566D3F1: _IO_default_uflow (genops.c:380)
==20585==    by 0x512B95C: __gnu_cxx::stdio_sync_filebuf<char, std::char_traits<char> >::underflow() (in /usr/lib/x86_64-linux-gnu/libstdc++.so.6.0.25)
==20585==    by 0x50E9F48: std::basic_istream<char, std::char_traits<char> >& std::getline<char, std::char_traits<char>, std::allocator<char> >(std::basic_istream<char, std::char_traits<char> >&, std::__cxx11::basic_string<char, std::char_traits<char>, std::allocator<char> >&, char) (in /usr/lib/x86_64-linux-gnu/libstdc++.so.6.0.25)
==20585==    by 0x108DB9: main (main.cpp:21)
==20585== 
==20585== HEAP SUMMARY:
==20585==     in use at exit: 136 bytes in 1 blocks
==20585==   total heap usage: 3 allocs, 2 frees, 73,864 bytes allocated
==20585== 
==20585== LEAK SUMMARY:
==20585==    definitely lost: 0 bytes in 0 blocks
==20585==    indirectly lost: 0 bytes in 0 blocks
==20585==      possibly lost: 0 bytes in 0 blocks
==20585==    still reachable: 136 bytes in 1 blocks
==20585==         suppressed: 0 bytes in 0 blocks
==20585== Reachable blocks (those to which a pointer was found) are not shown.
==20585== To see them, rerun with: --leak-check=full --show-leak-kinds=all
==20585== 
==20585== For counts of detected and suppressed errors, rerun with: -v
==20585== ERROR SUMMARY: 0 errors from 0 contexts (suppressed: 0 from 0)
