[New LWP 24821]
Core was generated by `'.
Program terminated with signal SIGSEGV, Segmentation fault.
#0  0x000000000010a34d in ?? ()
#0  0x000000000010a34d in ?? ()
#1  0x0000000005d7fd84 in ?? ()
#2  0x0000000005d7fd70 in ?? ()
#3  0x000174ec000011b8 in ?? ()
#4  0x0000000005d80190 in ?? ()
#5  0x0000000005d7fdd0 in ?? ()
#6  0x0000000005d80190 in ?? ()
#7  0x0000001fff000820 in ?? ()
#8  0x0000000000109a7c in ?? ()
#9  0x0000001fff000830 in ?? ()
#10 0x0000000005d7fd70 in ?? ()
#11 0x000174ec000011b8 in ?? ()
#12 0x0000000005d80190 in ?? ()
#13 0x0000001fff000840 in ?? ()
#14 0x00000000001096ee in ?? ()
#15 0x0000000005d7fd70 in ?? ()
#16 0x0000000005d80190 in ?? ()
#17 0x0000001fff000860 in ?? ()
#18 0x000000000010933f in ?? ()
#19 0x0000000005d7fd70 in ?? ()
#20 0x0000000005d80190 in ?? ()
#21 0x0000001fff0008d0 in ?? ()
#22 0x0000000000108ead in ?? ()
#23 0x0000000005d7fd84 in ?? ()
#24 0x0000001fff0008f0 in ?? ()
#25 0x0000001fff0008b0 in ?? ()
#26 0x0000000000109ec4 in ?? ()
#27 0x0000000000000003 in ?? ()
#28 0x000000060000000a in ?? ()
#29 0x0000000005d7fdd0 in ?? ()
#30 0x0000000005d800f0 in ?? ()
#31 0x0000000005d800f0 in ?? ()
#32 0x0d5527548e5b1000 in ?? ()
#33 0x0000001fff0008e8 in ?? ()
#34 0x0000000000000000 in ?? ()
