==7814== Memcheck, a memory error detector
==7814== Copyright (C) 2002-2017, and GNU GPL'd, by Julian Seward et al.
==7814== Using Valgrind-3.13.0 and LibVEX; rerun with -h for copyright info
==7814== Command: /rhome/m/mucanbarli1/workspace/ASP/PZ6/Z1/.runme
==7814== Parent PID: 7798
==7814== 
==7814== 
==7814== HEAP SUMMARY:
==7814==     in use at exit: 400 bytes in 1 blocks
==7814==   total heap usage: 11 allocs, 10 frees, 109,104 bytes allocated
==7814== 
==7814== 400 bytes in 1 blocks are definitely lost in loss record 1 of 1
==7814==    at 0x4C3089F: operator new[](unsigned long) (in /usr/lib/valgrind/vgpreload_memcheck-amd64-linux.so)
==7814==    by 0x10963A: ucitaj(std::__cxx11::basic_string<char, std::char_traits<char>, std::allocator<char> >, int*&, int&) (main.cpp:132)
==7814==    by 0x1099A7: test1() (main.cpp:153)
==7814==    by 0x109C9E: main (main.cpp:191)
==7814== 
==7814== LEAK SUMMARY:
==7814==    definitely lost: 400 bytes in 1 blocks
==7814==    indirectly lost: 0 bytes in 0 blocks
==7814==      possibly lost: 0 bytes in 0 blocks
==7814==    still reachable: 0 bytes in 0 blocks
==7814==         suppressed: 0 bytes in 0 blocks
==7814== 
==7814== For counts of detected and suppressed errors, rerun with: -v
==7814== ERROR SUMMARY: 1 errors from 1 contexts (suppressed: 0 from 0)
