==30202== Memcheck, a memory error detector
==30202== Copyright (C) 2002-2017, and GNU GPL'd, by Julian Seward et al.
==30202== Using Valgrind-3.13.0 and LibVEX; rerun with -h for copyright info
==30202== Command: /rhome/m/mucanbarli1/workspace/OR/Z1/Z3/.runme
==30202== Parent PID: 30198
==30202== 
==30202== 
==30202== Process terminating with default action of signal 15 (SIGTERM)
==30202==    at 0x514E081: read (read.c:27)
==30202==    by 0x50CB147: _IO_file_underflow@@GLIBC_2.2.5 (fileops.c:531)
==30202==    by 0x50CC3F1: _IO_default_uflow (genops.c:380)
==30202==    by 0x50A9BE9: _IO_vfscanf (vfscanf.c:630)
==30202==    by 0x50B9FD7: __isoc99_scanf (isoc99_scanf.c:37)
==30202==    by 0x108D22: main (main.c:73)
==30202== 
==30202== HEAP SUMMARY:
==30202==     in use at exit: 0 bytes in 0 blocks
==30202==   total heap usage: 1 allocs, 1 frees, 1,024 bytes allocated
==30202== 
==30202== All heap blocks were freed -- no leaks are possible
==30202== 
==30202== For counts of detected and suppressed errors, rerun with: -v
==30202== ERROR SUMMARY: 0 errors from 0 contexts (suppressed: 0 from 0)
