[New LWP 12668]
Core was generated by `'.
Program terminated with signal SIGSEGV, Segmentation fault.
#0  0x00000000001087fb in ?? ()
#0  0x00000000001087fb in ?? ()
#1  0x0000001fff000920 in ?? ()
#2  0x00000000001088dc in ?? ()
#3  0x4f4f4f4f2e6f744f in ?? ()
#4  0x4f4f4f4f4f4f4f4f in ?? ()
#5  0x4f4f4f4f4f4f4f4f in ?? ()
#6  0x4f4f4f4f4f4f4f4f in ?? ()
#7  0x4f4f4f4f4f4f4f4f in ?? ()
#8  0x4f4f4f4f4f4f4f4f in ?? ()
#9  0x4f4f4f4f4f4f4f4f in ?? ()
#10 0x4f4f4f4f4f4f4f4f in ?? ()
#11 0x4f4f4f4f4f4f4f4f in ?? ()
#12 0x4f4f4f4f4f4f4f4f in ?? ()
#13 0x4f4f4f4f4f4f4f4f in ?? ()
#14 0x4f4f4f4f4f4f4f4f in ?? ()
#15 0x4f4f4f4f4f4f4f4f in ?? ()
#16 0x4f4f4f4f4f4f4f4f in ?? ()
#17 0x4f4f4f4f4f4f4f4f in ?? ()
#18 0x4f4f4f4f4f4f4f4f in ?? ()
#19 0x4f4f4f4f4f4f4f4f in ?? ()
#20 0x4f4f4f4f4f4f4f4f in ?? ()
#21 0x4f4f4f4f4f4f4f4f in ?? ()
#22 0x4f4f4f4f4f4f4f4f in ?? ()
#23 0x4f4f4f4f4f4f4f4f in ?? ()
#24 0x4f4f4f4f4f4f4f4f in ?? ()
#25 0x4f4f4f4f4f4f4f4f in ?? ()
#26 0x4f4f4f4f4f4f4f4f in ?? ()
#27 0x4f4f4f4f4f4f4f4f in ?? ()
#28 0x4f4f4f4f4f4f4f4f in ?? ()
#29 0x4f4f4f4f4f4f4f4f in ?? ()
#30 0x4f4f4f4f4f4f4f4f in ?? ()
#31 0x4f4f4f4f4f4f4f4f in ?? ()
#32 0x4f4f4f4f4f4f4f4f in ?? ()
#33 0x4f4f4f4f4f4f4f4f in ?? ()
#34 0x4f4f4f4f4f4f4f4f in ?? ()
#35 0x4f4f4f4f4f4f4f4f in ?? ()
#36 0x4f4f4f4f4f4f4f4f in ?? ()
#37 0x4f4f4f4f4f4f4f4f in ?? ()
#38 0x4f4f4f4f4f4f4f4f in ?? ()
#39 0x4f4f4f4f4f4f4f4f in ?? ()
#40 0x4f4f4f4f4f4f4f4f in ?? ()
#41 0x4f4f4f4f4f4f4f4f in ?? ()
#42 0x4f4f4f4f4f4f4f4f in ?? ()
#43 0x4f4f4f4f4f4f4f4f in ?? ()
#44 0x4f4f4f4f4f4f4f4f in ?? ()
#45 0x4f4f4f4f4f4f4f4f in ?? ()
#46 0x4f4f4f4f4f4f4f4f in ?? ()
#47 0x4f4f4f4f4f4f4f4f in ?? ()
#48 0x4f4f4f4f4f4f4f4f in ?? ()
#49 0x4f4f4f4f4f4f4f4f in ?? ()
#50 0x4f4f4f4f4f4f4f4f in ?? ()
#51 0x4f4f4f4f4f4f4f4f in ?? ()
#52 0x4f4f4f4f4f4f4f4f in ?? ()
#53 0x4f4f4f4f4f4f4f4f in ?? ()
#54 0x4f4f4f4f4f4f4f4f in ?? ()
#55 0x4f4f4f4f4f4f4f4f in ?? ()
#56 0x4f4f4f4f4f4f4f4f in ?? ()
#57 0x4f4f4f4f4f4f4f4f in ?? ()
#58 0x4f4f4f4f4f4f4f4f in ?? ()
#59 0x4f4f4f4f4f4f4f4f in ?? ()
#60 0x4f4f4f4f4f4f4f4f in ?? ()
#61 0x4f4f4f4f4f4f4f4f in ?? ()
#62 0x4f4f4f4f4f4f4f4f in ?? ()
#63 0x4f4f4f4f4f4f4f4f in ?? ()
#64 0x4f4f4f4f4f4f4f4f in ?? ()
#65 0x4f4f4f4f4f4f4f4f in ?? ()
#66 0x4f4f4f4f4f4f4f4f in ?? ()
#67 0x4f4f4f4f4f4f4f4f in ?? ()
#68 0x4f4f4f4f4f4f4f4f in ?? ()
#69 0x4f4f4f4f4f4f4f4f in ?? ()
#70 0x4f4f4f4f4f4f4f4f in ?? ()
#71 0x4f4f4f4f4f4f4f4f in ?? ()
#72 0x4f4f4f4f4f4f4f4f in ?? ()
#73 0x4f4f4f4f4f4f4f4f in ?? ()
#74 0x4f4f4f4f4f4f4f4f in ?? ()
#75 0x4f4f4f4f4f4f4f4f in ?? ()
#76 0x4f4f4f4f4f4f4f4f in ?? ()
#77 0x4f4f4f4f4f4f4f4f in ?? ()
#78 0x4f4f4f4f4f4f4f4f in ?? ()
#79 0x4f4f4f4f4f4f4f4f in ?? ()
#80 0x4f4f4f4f4f4f4f4f in ?? ()
#81 0x4f4f4f4f4f4f4f4f in ?? ()
#82 0x4f4f4f4f4f4f4f4f in ?? ()
#83 0x4f4f4f4f4f4f4f4f in ?? ()
#84 0x4f4f4f4f4f4f4f4f in ?? ()
#85 0x4f4f4f4f4f4f4f4f in ?? ()
#86 0x4f4f4f4f4f4f4f4f in ?? ()
#87 0x4f4f4f4f4f4f4f4f in ?? ()
#88 0x4f4f4f4f4f4f4f4f in ?? ()
#89 0x4f4f4f4f4f4f4f4f in ?? ()
#90 0x4f4f4f4f4f4f4f4f in ?? ()
#91 0x4f4f4f4f4f4f4f4f in ?? ()
#92 0x4f4f4f4f4f4f4f4f in ?? ()
#93 0x4f4f4f4f4f4f4f4f in ?? ()
#94 0x4f4f4f4f4f4f4f4f in ?? ()
#95 0x4f4f4f4f4f4f4f4f in ?? ()
#96 0x4f4f4f4f4f4f4f4f in ?? ()
#97 0x4f4f4f4f4f4f4f4f in ?? ()
#98 0x4f4f4f4f4f4f4f4f in ?? ()
#99 0x4f4f4f4f4f4f4f4f in ?? ()
