==9358== Memcheck, a memory error detector
==9358== Copyright (C) 2002-2017, and GNU GPL'd, by Julian Seward et al.
==9358== Using Valgrind-3.13.0 and LibVEX; rerun with -h for copyright info
==9358== Command: /rhome/m/mucanbarli1/workspace/OR/ZSR2/Z1/.runme
==9358== Parent PID: 9344
==9358== 
==9358== 
==9358== Process terminating with default action of signal 15 (SIGTERM)
==9358==    at 0x54EC081: read (read.c:27)
==9358==    by 0x5469147: _IO_file_underflow@@GLIBC_2.2.5 (fileops.c:531)
==9358==    by 0x546A3F1: _IO_default_uflow (genops.c:380)
==9358==    by 0x5447BE9: _IO_vfscanf (vfscanf.c:630)
==9358==    by 0x5457FD7: __isoc99_scanf (isoc99_scanf.c:37)
==9358==    by 0x1087DB: main (main.c:9)
==9358== 
==9358== HEAP SUMMARY:
==9358==     in use at exit: 0 bytes in 0 blocks
==9358==   total heap usage: 1 allocs, 1 frees, 1,024 bytes allocated
==9358== 
==9358== All heap blocks were freed -- no leaks are possible
==9358== 
==9358== For counts of detected and suppressed errors, rerun with: -v
==9358== ERROR SUMMARY: 0 errors from 0 contexts (suppressed: 0 from 0)
