==1820== Memcheck, a memory error detector
==1820== Copyright (C) 2002-2017, and GNU GPL'd, by Julian Seward et al.
==1820== Using Valgrind-3.13.0 and LibVEX; rerun with -h for copyright info
==1820== Command: /rhome/m/mucanbarli1/workspace/OR/T5/Z5/.runme
==1820== Parent PID: 1810
==1820== 
==1820== 
==1820== Process terminating with default action of signal 1 (SIGHUP)
==1820==    at 0x514E081: read (read.c:27)
==1820==    by 0x50CB147: _IO_file_underflow@@GLIBC_2.2.5 (fileops.c:531)
==1820==    by 0x50CC3F1: _IO_default_uflow (genops.c:380)
==1820==    by 0x50A9BE9: _IO_vfscanf (vfscanf.c:630)
==1820==    by 0x50B9FD7: __isoc99_scanf (isoc99_scanf.c:37)
==1820==    by 0x1087F4: main (main.c:8)
==1820== 
==1820== HEAP SUMMARY:
==1820==     in use at exit: 0 bytes in 0 blocks
==1820==   total heap usage: 1 allocs, 1 frees, 1,024 bytes allocated
==1820== 
==1820== All heap blocks were freed -- no leaks are possible
==1820== 
==1820== For counts of detected and suppressed errors, rerun with: -v
==1820== ERROR SUMMARY: 0 errors from 0 contexts (suppressed: 0 from 0)
