[New LWP 2017]
Core was generated by `'.
Program terminated with signal SIGSEGV, Segmentation fault.
#0  0x0000000000108803 in ?? ()
#0  0x0000000000108803 in ?? ()
#1  0x0000001fff000920 in ?? ()
#2  0x00000000001088c0 in ?? ()
#3  0x616861202e6f744f in ?? ()
#4  0x2061686168686168 in ?? ()
#5  0x6568656868656868 in ?? ()
#6  0x2e2e61686168202e in ?? ()
#7  0x2e2e2e2e2e2e2e2e in ?? ()
#8  0x2e2e2e2e2e2e2e2e in ?? ()
#9  0x2e2e2e2e2e2e2e2e in ?? ()
#10 0x2e2e2e2e2e2e2e2e in ?? ()
#11 0x2e2e2e2e2e2e2e2e in ?? ()
#12 0x2e2e2e2e2e2e2e2e in ?? ()
#13 0x2e2e2e2e2e2e2e2e in ?? ()
#14 0x2e2e2e2e2e2e2e2e in ?? ()
#15 0x2e2e2e2e2e2e2e2e in ?? ()
#16 0x2e2e2e2e2e2e2e2e in ?? ()
#17 0x2e2e2e2e2e2e2e2e in ?? ()
#18 0x2e2e2e2e2e2e2e2e in ?? ()
#19 0x2e2e2e2e2e2e2e2e in ?? ()
#20 0x2e2e2e2e2e2e2e2e in ?? ()
#21 0x2e2e2e2e2e2e2e2e in ?? ()
#22 0x2e2e2e2e2e2e2e2e in ?? ()
#23 0x2e2e2e2e2e2e2e2e in ?? ()
#24 0x2e2e2e2e2e2e2e2e in ?? ()
#25 0x2e2e2e2e2e2e2e2e in ?? ()
#26 0x2e2e2e2e2e2e2e2e in ?? ()
#27 0x2e2e2e2e2e2e2e2e in ?? ()
#28 0x2e2e2e2e2e2e2e2e in ?? ()
#29 0x2e2e2e2e2e2e2e2e in ?? ()
#30 0x2e2e2e2e2e2e2e2e in ?? ()
#31 0x2e2e2e2e2e2e2e2e in ?? ()
#32 0x2e2e2e2e2e2e2e2e in ?? ()
#33 0x2e2e2e2e2e2e2e2e in ?? ()
#34 0x2e2e2e2e2e2e2e2e in ?? ()
#35 0x2e2e2e2e2e2e2e2e in ?? ()
#36 0x2e2e2e2e2e2e2e2e in ?? ()
#37 0x2e2e2e2e2e2e2e2e in ?? ()
#38 0x2e2e2e2e2e2e2e2e in ?? ()
#39 0x2e2e2e2e2e2e2e2e in ?? ()
#40 0x2e2e2e2e2e2e2e2e in ?? ()
#41 0x2e2e2e2e2e2e2e2e in ?? ()
#42 0x2e2e2e2e2e2e2e2e in ?? ()
#43 0x2e2e2e2e2e2e2e2e in ?? ()
#44 0x2e2e2e2e2e2e2e2e in ?? ()
#45 0x2e2e2e2e2e2e2e2e in ?? ()
#46 0x2e2e2e2e2e2e2e2e in ?? ()
#47 0x2e2e2e2e2e2e2e2e in ?? ()
#48 0x2e2e2e2e2e2e2e2e in ?? ()
#49 0x2e2e2e2e2e2e2e2e in ?? ()
#50 0x2e2e2e2e2e2e2e2e in ?? ()
#51 0x2e2e2e2e2e2e2e2e in ?? ()
#52 0x2e2e2e2e2e2e2e2e in ?? ()
#53 0x2e2e2e2e2e2e2e2e in ?? ()
#54 0x2e2e2e2e2e2e2e2e in ?? ()
#55 0x2e2e2e2e2e2e2e2e in ?? ()
#56 0x2e2e2e2e2e2e2e2e in ?? ()
#57 0x2e2e2e2e2e2e2e2e in ?? ()
#58 0x2e2e2e2e2e2e2e2e in ?? ()
#59 0x2e2e2e2e2e2e2e2e in ?? ()
#60 0x2e2e2e2e2e2e2e2e in ?? ()
#61 0x2e2e2e2e2e2e2e2e in ?? ()
#62 0x2e2e2e2e2e2e2e2e in ?? ()
#63 0x2e2e2e2e2e2e2e2e in ?? ()
#64 0x2e2e2e2e2e2e2e2e in ?? ()
#65 0x2e2e2e2e2e2e2e2e in ?? ()
#66 0x2e2e2e2e2e2e2e2e in ?? ()
#67 0x2e2e2e2e2e2e2e2e in ?? ()
#68 0x2e2e2e2e2e2e2e2e in ?? ()
#69 0x2e2e2e2e2e2e2e2e in ?? ()
#70 0x2e2e2e2e2e2e2e2e in ?? ()
#71 0x2e2e2e2e2e2e2e2e in ?? ()
#72 0x2e2e2e2e2e2e2e2e in ?? ()
#73 0x2e2e2e2e2e2e2e2e in ?? ()
#74 0x2e2e2e2e2e2e2e2e in ?? ()
#75 0x2e2e2e2e2e2e2e2e in ?? ()
#76 0x2e2e2e2e2e2e2e2e in ?? ()
#77 0x2e2e2e2e2e2e2e2e in ?? ()
#78 0x2e2e2e2e2e2e2e2e in ?? ()
#79 0x2e2e2e2e2e2e2e2e in ?? ()
#80 0x2e2e2e2e2e2e2e2e in ?? ()
#81 0x2e2e2e2e2e2e2e2e in ?? ()
#82 0x2e2e2e2e2e2e2e2e in ?? ()
#83 0x2e2e2e2e2e2e2e2e in ?? ()
#84 0x2e2e2e2e2e2e2e2e in ?? ()
#85 0x2e2e2e2e2e2e2e2e in ?? ()
#86 0x2e2e2e2e2e2e2e2e in ?? ()
#87 0x2e2e2e2e2e2e2e2e in ?? ()
#88 0x2e2e2e2e2e2e2e2e in ?? ()
#89 0x2e2e2e2e2e2e2e2e in ?? ()
#90 0x2e2e2e2e2e2e2e2e in ?? ()
#91 0x2e2e2e2e2e2e2e2e in ?? ()
#92 0x2e2e2e2e2e2e2e2e in ?? ()
#93 0x2e2e2e2e2e2e2e2e in ?? ()
#94 0x2e2e2e2e2e2e2e2e in ?? ()
#95 0x2e2e2e2e2e2e2e2e in ?? ()
#96 0x2e2e2e2e2e2e2e2e in ?? ()
#97 0x2e2e2e2e2e2e2e2e in ?? ()
#98 0x2e2e2e2e2e2e2e2e in ?? ()
#99 0x2e2e2e2e2e2e2e2e in ?? ()
