==9506== Memcheck, a memory error detector
==9506== Copyright (C) 2002-2017, and GNU GPL'd, by Julian Seward et al.
==9506== Using Valgrind-3.13.0 and LibVEX; rerun with -h for copyright info
==9506== Command: /rhome/m/mucanbarli1/workspace/TP/T7/Z1/.runme
==9506== Parent PID: 9489
==9506== 
==9506== 
==9506== Process terminating with default action of signal 1 (SIGHUP)
==9506==    at 0x56EF081: read (read.c:27)
==9506==    by 0x566C147: _IO_file_underflow@@GLIBC_2.2.5 (fileops.c:531)
==9506==    by 0x566D3F1: _IO_default_uflow (genops.c:380)
==9506==    by 0x512B95C: __gnu_cxx::stdio_sync_filebuf<char, std::char_traits<char> >::underflow() (in /usr/lib/x86_64-linux-gnu/libstdc++.so.6.0.25)
==9506==    by 0x5139739: std::istream::sentry::sentry(std::istream&, bool) (in /usr/lib/x86_64-linux-gnu/libstdc++.so.6.0.25)
==9506==    by 0x513996D: std::istream::operator>>(int&) (in /usr/lib/x86_64-linux-gnu/libstdc++.so.6.0.25)
==9506==    by 0x108E1D: main (main.cpp:15)
==9506== 
==9506== HEAP SUMMARY:
==9506==     in use at exit: 0 bytes in 0 blocks
==9506==   total heap usage: 2 allocs, 2 frees, 73,728 bytes allocated
==9506== 
==9506== All heap blocks were freed -- no leaks are possible
==9506== 
==9506== For counts of detected and suppressed errors, rerun with: -v
==9506== ERROR SUMMARY: 0 errors from 0 contexts (suppressed: 0 from 0)
