==21544== Memcheck, a memory error detector
==21544== Copyright (C) 2002-2017, and GNU GPL'd, by Julian Seward et al.
==21544== Using Valgrind-3.13.0 and LibVEX; rerun with -h for copyright info
==21544== Command: /rhome/m/mucanbarli1/workspace/OR/Z1/Z4/.runme
==21544== Parent PID: 21530
==21544== 
==21544== 
==21544== Process terminating with default action of signal 15 (SIGTERM)
==21544==    at 0x514E081: read (read.c:27)
==21544==    by 0x50CB147: _IO_file_underflow@@GLIBC_2.2.5 (fileops.c:531)
==21544==    by 0x50CC3F1: _IO_default_uflow (genops.c:380)
==21544==    by 0x50A9BE9: _IO_vfscanf (vfscanf.c:630)
==21544==    by 0x50B9FD7: __isoc99_scanf (isoc99_scanf.c:37)
==21544==    by 0x108768: main (main.c:6)
==21544== 
==21544== HEAP SUMMARY:
==21544==     in use at exit: 0 bytes in 0 blocks
==21544==   total heap usage: 1 allocs, 1 frees, 1,024 bytes allocated
==21544== 
==21544== All heap blocks were freed -- no leaks are possible
==21544== 
==21544== For counts of detected and suppressed errors, rerun with: -v
==21544== ERROR SUMMARY: 0 errors from 0 contexts (suppressed: 0 from 0)
