==28939== Memcheck, a memory error detector
==28939== Copyright (C) 2002-2017, and GNU GPL'd, by Julian Seward et al.
==28939== Using Valgrind-3.13.0 and LibVEX; rerun with -h for copyright info
==28939== Command: /rhome/m/mucanbarli1/workspace/TP/T7/Z6/.runme
==28939== Parent PID: 28921
==28939== 
==28939== Conditional jump or move depends on uninitialised value(s)
==28939==    at 0x10A70F: std::__cxx11::list<int, std::allocator<int> >::_M_default_initialize(unsigned long) (stl_list.h:1750)
==28939==    by 0x109E62: std::__cxx11::list<int, std::allocator<int> >::list(unsigned long, std::allocator<int> const&) (stl_list.h:615)
==28939==    by 0x1093E1: main (main.cpp:42)
==28939== 
==28939== 
==28939== Process terminating with default action of signal 1 (SIGHUP)
==28939==    at 0x56EF152: write (write.c:27)
==28939==    by 0x566A1BC: _IO_file_write@@GLIBC_2.2.5 (fileops.c:1203)
==28939==    by 0x566AB2E: new_do_write (fileops.c:457)
==28939==    by 0x566AB2E: _IO_file_xsputn@@GLIBC_2.2.5 (fileops.c:1277)
==28939==    by 0x565E976: fwrite (iofwrite.c:39)
==28939==    by 0x5151E93: std::basic_ostream<char, std::char_traits<char> >& std::__ostream_insert<char, std::char_traits<char> >(std::basic_ostream<char, std::char_traits<char> >&, char const*, long) (in /usr/lib/x86_64-linux-gnu/libstdc++.so.6.0.25)
==28939==    by 0x5152206: std::basic_ostream<char, std::char_traits<char> >& std::operator<< <std::char_traits<char> >(std::basic_ostream<char, std::char_traits<char> >&, char const*) (in /usr/lib/x86_64-linux-gnu/libstdc++.so.6.0.25)
==28939==    by 0x109403: main (main.cpp:43)
==28939== 
==28939== HEAP SUMMARY:
==28939==     in use at exit: 864 bytes in 18 blocks
==28939==   total heap usage: 20 allocs, 2 frees, 74,592 bytes allocated
==28939== 
==28939== LEAK SUMMARY:
==28939==    definitely lost: 0 bytes in 0 blocks
==28939==    indirectly lost: 0 bytes in 0 blocks
==28939==      possibly lost: 0 bytes in 0 blocks
==28939==    still reachable: 864 bytes in 18 blocks
==28939==         suppressed: 0 bytes in 0 blocks
==28939== Reachable blocks (those to which a pointer was found) are not shown.
==28939== To see them, rerun with: --leak-check=full --show-leak-kinds=all
==28939== 
==28939== For counts of detected and suppressed errors, rerun with: -v
==28939== Use --track-origins=yes to see where uninitialised values come from
==28939== ERROR SUMMARY: 1 errors from 1 contexts (suppressed: 0 from 0)
