==4189== Memcheck, a memory error detector
==4189== Copyright (C) 2002-2017, and GNU GPL'd, by Julian Seward et al.
==4189== Using Valgrind-3.13.0 and LibVEX; rerun with -h for copyright info
==4189== Command: /rhome/m/mucanbarli1/workspace/OR/Z4/Z2/.runme
==4189== Parent PID: 4185
==4189== 
==4189== Conditional jump or move depends on uninitialised value(s)
==4189==    at 0x1087E8: ZamijeniRijec (main.c:45)
==4189==    by 0x108DA3: zamijeni_min_max (main.c:152)
==4189==    by 0x108E5A: main (main.c:164)
==4189== 
==4189== Conditional jump or move depends on uninitialised value(s)
==4189==    at 0x10880B: ZamijeniRijec (main.c:48)
==4189==    by 0x108DA3: zamijeni_min_max (main.c:152)
==4189==    by 0x108E5A: main (main.c:164)
==4189== 
==4189== Conditional jump or move depends on uninitialised value(s)
==4189==    at 0x108717: Ubaci (main.c:14)
==4189==    by 0x108853: ZamijeniRijec (main.c:56)
==4189==    by 0x108DA3: zamijeni_min_max (main.c:152)
==4189==    by 0x108E5A: main (main.c:164)
==4189== 
==4189== Conditional jump or move depends on uninitialised value(s)
==4189==    at 0x108792: Ubaci (main.c:27)
==4189==    by 0x108853: ZamijeniRijec (main.c:56)
==4189==    by 0x108DA3: zamijeni_min_max (main.c:152)
==4189==    by 0x108E5A: main (main.c:164)
==4189== 
==4189== 
==4189== HEAP SUMMARY:
==4189==     in use at exit: 0 bytes in 0 blocks
==4189==   total heap usage: 0 allocs, 0 frees, 0 bytes allocated
==4189== 
==4189== All heap blocks were freed -- no leaks are possible
==4189== 
==4189== For counts of detected and suppressed errors, rerun with: -v
==4189== Use --track-origins=yes to see where uninitialised values come from
==4189== ERROR SUMMARY: 4 errors from 4 contexts (suppressed: 0 from 0)
