[New LWP 20882]
Core was generated by `'.
Program terminated with signal SIGXCPU, CPU time limit exceeded.
#0  0x0000000000109b22 in ?? ()
#0  0x0000000000109b22 in ?? ()
#1  0x0000001fff0004b0 in ?? ()
#2  0x0000000006f5be88 in ?? ()
#3  0x0000001fff000320 in ?? ()
#4  0x000000000010badf in ?? ()
#5  0x00000000071ee040 in ?? ()
#6  0x0000000006f5be88 in ?? ()
#7  0x0000001fff000340 in ?? ()
#8  0x000000000010b5eb in ?? ()
#9  0x00000000071ee040 in ?? ()
#10 0x0000000006f5be88 in ?? ()
#11 0x0000001fff000360 in ?? ()
#12 0x000000000010acec in ?? ()
#13 0x00000000071ee040 in ?? ()
#14 0x0000000006d6e040 in ?? ()
#15 0x0000001fff000390 in ?? ()
#16 0x000000000010a1bb in ?? ()
#17 0x00000000071ee040 in ?? ()
#18 0x0000001fff000450 in ?? ()
#19 0x00000000071ee040 in ?? ()
#20 0x0000000006d6e040 in ?? ()
#21 0x0000001fff000400 in ?? ()
#22 0x000000000010ab02 in ?? ()
#23 0x0000001fff0003d0 in ?? ()
#24 0x0000001fff0004b0 in ?? ()
#25 0x00000000071ee040 in ?? ()
#26 0x0000001fff000450 in ?? ()
#27 0x0000000006d6e040 in ?? ()
#28 0x0000000007a6f088 in ?? ()
#29 0x0000000000020000 in ?? ()
#30 0x0000000000010000 in ?? ()
#31 0x00000000075ef040 in ?? ()
#32 0xf69f2ca70c3b2300 in ?? ()
#33 0x0000000000000001 in ?? ()
#34 0x0000000000109450 in ?? ()
#35 0x0000001fff000420 in ?? ()
#36 0x000000000010a076 in ?? ()
#37 0x0000001fff0004b0 in ?? ()
#38 0x0000001fff000450 in ?? ()
#39 0x0000001fff000920 in ?? ()
#40 0x00000000001098f4 in ?? ()
#41 0x0000001fff000530 in ?? ()
#42 0x000000002c2f0003 in ?? ()
#43 0x000007de0000000b in ?? ()
#44 0x0000000000000000 in ?? ()
