==29170== Memcheck, a memory error detector
==29170== Copyright (C) 2002-2017, and GNU GPL'd, by Julian Seward et al.
==29170== Using Valgrind-3.13.0 and LibVEX; rerun with -h for copyright info
==29170== Command: /rhome/m/mucanbarli1/workspace/OR/ZSR12/Z4/.runme
==29170== Parent PID: 29155
==29170== 
==29170== Conditional jump or move depends on uninitialised value(s)
==29170==    at 0x509A8DA: vfprintf (vfprintf.c:1642)
==29170==    by 0x509C67F: buffered_vfprintf (vfprintf.c:2329)
==29170==    by 0x5099725: vfprintf (vfprintf.c:1301)
==29170==    by 0x50A2F25: printf (printf.c:33)
==29170==    by 0x108791: ispisi_mat (main.c:7)
==29170==    by 0x108843: main (main.c:17)
==29170== 
==29170== Use of uninitialised value of size 8
==29170==    at 0x509686B: _itoa_word (_itoa.c:179)
==29170==    by 0x5099F0D: vfprintf (vfprintf.c:1642)
==29170==    by 0x509C67F: buffered_vfprintf (vfprintf.c:2329)
==29170==    by 0x5099725: vfprintf (vfprintf.c:1301)
==29170==    by 0x50A2F25: printf (printf.c:33)
==29170==    by 0x108791: ispisi_mat (main.c:7)
==29170==    by 0x108843: main (main.c:17)
==29170== 
==29170== Conditional jump or move depends on uninitialised value(s)
==29170==    at 0x5096875: _itoa_word (_itoa.c:179)
==29170==    by 0x5099F0D: vfprintf (vfprintf.c:1642)
==29170==    by 0x509C67F: buffered_vfprintf (vfprintf.c:2329)
==29170==    by 0x5099725: vfprintf (vfprintf.c:1301)
==29170==    by 0x50A2F25: printf (printf.c:33)
==29170==    by 0x108791: ispisi_mat (main.c:7)
==29170==    by 0x108843: main (main.c:17)
==29170== 
==29170== Conditional jump or move depends on uninitialised value(s)
==29170==    at 0x509A014: vfprintf (vfprintf.c:1642)
==29170==    by 0x509C67F: buffered_vfprintf (vfprintf.c:2329)
==29170==    by 0x5099725: vfprintf (vfprintf.c:1301)
==29170==    by 0x50A2F25: printf (printf.c:33)
==29170==    by 0x108791: ispisi_mat (main.c:7)
==29170==    by 0x108843: main (main.c:17)
==29170== 
==29170== Conditional jump or move depends on uninitialised value(s)
==29170==    at 0x509AB4C: vfprintf (vfprintf.c:1642)
==29170==    by 0x509C67F: buffered_vfprintf (vfprintf.c:2329)
==29170==    by 0x5099725: vfprintf (vfprintf.c:1301)
==29170==    by 0x50A2F25: printf (printf.c:33)
==29170==    by 0x108791: ispisi_mat (main.c:7)
==29170==    by 0x108843: main (main.c:17)
==29170== 
==29170== 
==29170== HEAP SUMMARY:
==29170==     in use at exit: 0 bytes in 0 blocks
==29170==   total heap usage: 0 allocs, 0 frees, 0 bytes allocated
==29170== 
==29170== All heap blocks were freed -- no leaks are possible
==29170== 
==29170== For counts of detected and suppressed errors, rerun with: -v
==29170== Use --track-origins=yes to see where uninitialised values come from
==29170== ERROR SUMMARY: 10 errors from 5 contexts (suppressed: 0 from 0)
