==22249== Memcheck, a memory error detector
==22249== Copyright (C) 2002-2017, and GNU GPL'd, by Julian Seward et al.
==22249== Using Valgrind-3.13.0 and LibVEX; rerun with -h for copyright info
==22249== Command: /rhome/m/mucanbarli1/workspace/OR/T11/Z4/.runme
==22249== Parent PID: 22238
==22249== 
==22249== 
==22249== Process terminating with default action of signal 1 (SIGHUP)
==22249==    at 0x514E081: read (read.c:27)
==22249==    by 0x50CB147: _IO_file_underflow@@GLIBC_2.2.5 (fileops.c:531)
==22249==    by 0x50CC3F1: _IO_default_uflow (genops.c:380)
==22249==    by 0x50A9BE9: _IO_vfscanf (vfscanf.c:630)
==22249==    by 0x50B9FD7: __isoc99_scanf (isoc99_scanf.c:37)
==22249==    by 0x1087A8: unos_Vremena (main.c:12)
==22249==    by 0x108858: main (main.c:29)
==22249== 
==22249== HEAP SUMMARY:
==22249==     in use at exit: 0 bytes in 0 blocks
==22249==   total heap usage: 1 allocs, 1 frees, 1,024 bytes allocated
==22249== 
==22249== All heap blocks were freed -- no leaks are possible
==22249== 
==22249== For counts of detected and suppressed errors, rerun with: -v
==22249== ERROR SUMMARY: 0 errors from 0 contexts (suppressed: 0 from 0)
